{"src/Compiler.ts":{"path":"src/Compiler.ts","statementMap":{"1":{"start":{"line":3,"column":0},"end":{"line":3,"column":25}},"2":{"start":{"line":4,"column":0},"end":{"line":4,"column":29}},"3":{"start":{"line":5,"column":0},"end":{"line":5,"column":33}},"4":{"start":{"line":7,"column":0},"end":{"line":7,"column":72}},"5":{"start":{"line":8,"column":0},"end":{"line":8,"column":58}},"6":{"start":{"line":9,"column":0},"end":{"line":9,"column":58}},"7":{"start":{"line":10,"column":0},"end":{"line":10,"column":58}},"8":{"start":{"line":11,"column":0},"end":{"line":11,"column":60}},"9":{"start":{"line":12,"column":0},"end":{"line":12,"column":72}},"10":{"start":{"line":14,"column":0},"end":{"line":17,"column":1}},"11":{"start":{"line":15,"column":4},"end":{"line":15,"column":47}},"12":{"start":{"line":16,"column":4},"end":{"line":16,"column":72}},"13":{"start":{"line":19,"column":0},"end":{"line":108,"column":1}},"14":{"start":{"line":20,"column":4},"end":{"line":22,"column":5}},"15":{"start":{"line":21,"column":8},"end":{"line":21,"column":45}},"16":{"start":{"line":24,"column":4},"end":{"line":24,"column":57}},"17":{"start":{"line":26,"column":4},"end":{"line":26,"column":45}},"18":{"start":{"line":29,"column":4},"end":{"line":29,"column":93}},"19":{"start":{"line":29,"column":73},"end":{"line":29,"column":91}},"20":{"start":{"line":30,"column":4},"end":{"line":43,"column":7}},"21":{"start":{"line":31,"column":8},"end":{"line":42,"column":9}},"22":{"start":{"line":32,"column":12},"end":{"line":33,"column":81}},"23":{"start":{"line":34,"column":12},"end":{"line":34,"column":90}},"24":{"start":{"line":35,"column":12},"end":{"line":37,"column":14}},"25":{"start":{"line":39,"column":12},"end":{"line":41,"column":14}},"26":{"start":{"line":46,"column":4},"end":{"line":49,"column":5}},"27":{"start":{"line":46,"column":35},"end":{"line":46,"column":80}},"28":{"start":{"line":47,"column":8},"end":{"line":47,"column":71}},"29":{"start":{"line":48,"column":8},"end":{"line":48,"column":24}},"30":{"start":{"line":51,"column":4},"end":{"line":99,"column":7}},"31":{"start":{"line":52,"column":8},"end":{"line":98,"column":9}},"32":{"start":{"line":53,"column":12},"end":{"line":97,"column":13}},"33":{"start":{"line":54,"column":16},"end":{"line":54,"column":48}},"34":{"start":{"line":56,"column":16},"end":{"line":56,"column":69}},"35":{"start":{"line":59,"column":16},"end":{"line":59,"column":97}},"36":{"start":{"line":61,"column":16},"end":{"line":61,"column":50}},"37":{"start":{"line":62,"column":16},"end":{"line":66,"column":17}},"38":{"start":{"line":63,"column":20},"end":{"line":64,"column":87}},"39":{"start":{"line":65,"column":20},"end":{"line":65,"column":76}},"40":{"start":{"line":69,"column":16},"end":{"line":79,"column":17}},"41":{"start":{"line":70,"column":20},"end":{"line":75,"column":21}},"42":{"start":{"line":71,"column":24},"end":{"line":71,"column":50}},"43":{"start":{"line":74,"column":24},"end":{"line":74,"column":80}},"44":{"start":{"line":77,"column":20},"end":{"line":77,"column":95}},"45":{"start":{"line":78,"column":20},"end":{"line":78,"column":76}},"46":{"start":{"line":82,"column":16},"end":{"line":82,"column":47}},"47":{"start":{"line":85,"column":16},"end":{"line":96,"column":17}},"48":{"start":{"line":86,"column":20},"end":{"line":86,"column":97}},"49":{"start":{"line":88,"column":20},"end":{"line":88,"column":90}},"50":{"start":{"line":89,"column":20},"end":{"line":92,"column":22}},"51":{"start":{"line":93,"column":20},"end":{"line":93,"column":36}},"52":{"start":{"line":95,"column":20},"end":{"line":95,"column":36},"skip":true},"53":{"start":{"line":102,"column":4},"end":{"line":107,"column":5}},"54":{"start":{"line":103,"column":8},"end":{"line":106,"column":10}},"55":{"start":{"line":110,"column":0},"end":{"line":133,"column":1}},"56":{"start":{"line":113,"column":4},"end":{"line":113,"column":43}},"57":{"start":{"line":114,"column":4},"end":{"line":130,"column":5}},"58":{"start":{"line":116,"column":12},"end":{"line":116,"column":85}},"59":{"start":{"line":117,"column":12},"end":{"line":117,"column":18}},"60":{"start":{"line":119,"column":12},"end":{"line":119,"column":84}},"61":{"start":{"line":120,"column":12},"end":{"line":120,"column":18}},"62":{"start":{"line":122,"column":12},"end":{"line":122,"column":84}},"63":{"start":{"line":123,"column":12},"end":{"line":123,"column":18}},"64":{"start":{"line":125,"column":12},"end":{"line":125,"column":84}},"65":{"start":{"line":126,"column":12},"end":{"line":126,"column":18}},"66":{"start":{"line":129,"column":12},"end":{"line":129,"column":81}},"67":{"start":{"line":132,"column":4},"end":{"line":132,"column":31}}},"fnMap":{"1":{"name":"compile","line":14,"loc":{"start":{"line":14,"column":0},"end":{"line":14,"column":38}}},"2":{"name":"compileFilesWithOptions","line":19,"loc":{"start":{"line":19,"column":0},"end":{"line":19,"column":85}}},"3":{"name":"createTranspiler","line":110,"loc":{"start":{"line":110,"column":0},"end":{"line":112,"column":58}}}},"branchMap":{"1":{"line":20,"type":"if","locations":[{"start":{"line":20,"column":4},"end":{"line":20,"column":3}},{"start":{"line":20,"column":4},"end":{"line":20,"column":3}}]},"2":{"line":31,"type":"if","locations":[{"start":{"line":31,"column":8},"end":{"line":31,"column":7}},{"start":{"line":31,"column":8},"end":{"line":31,"column":7}}]},"3":{"line":46,"type":"if","locations":[{"start":{"line":46,"column":4},"end":{"line":46,"column":3}},{"start":{"line":46,"column":4},"end":{"line":46,"column":3}}]},"4":{"line":52,"type":"if","locations":[{"start":{"line":52,"column":8},"end":{"line":52,"column":7}},{"start":{"line":52,"column":8},"end":{"line":52,"column":7}}]},"5":{"line":62,"type":"if","locations":[{"start":{"line":62,"column":16},"end":{"line":62,"column":15}},{"start":{"line":62,"column":16},"end":{"line":62,"column":15}}]},"6":{"line":69,"type":"if","locations":[{"start":{"line":69,"column":16},"end":{"line":69,"column":15}},{"start":{"line":69,"column":16},"end":{"line":69,"column":15}}]},"7":{"line":70,"type":"if","locations":[{"start":{"line":70,"column":20},"end":{"line":70,"column":19}},{"start":{"line":70,"column":20},"end":{"line":70,"column":19}}]},"8":{"line":85,"type":"if","locations":[{"start":{"line":85,"column":16},"end":{"line":85,"column":15}},{"start":{"line":85,"column":16},"end":{"line":85,"column":15},"skip":true}]},"9":{"line":102,"type":"if","locations":[{"start":{"line":102,"column":4},"end":{"line":102,"column":3}},{"start":{"line":102,"column":4},"end":{"line":102,"column":3}}]},"10":{"line":115,"type":"switch","locations":[{"start":{"line":115,"column":8},"end":{"line":117,"column":18}},{"start":{"line":118,"column":8},"end":{"line":120,"column":18}},{"start":{"line":121,"column":8},"end":{"line":123,"column":18}},{"start":{"line":124,"column":8},"end":{"line":126,"column":18}},{"start":{"line":127,"column":8},"end":{"line":129,"column":81}}]}},"s":{"1":1,"2":1,"3":1,"4":1,"5":1,"6":1,"7":1,"8":1,"9":1,"10":2,"11":7,"12":7,"13":2,"14":7,"15":0,"16":7,"17":7,"18":7,"19":0,"20":7,"21":0,"22":0,"23":0,"24":0,"25":0,"26":7,"27":0,"28":0,"29":0,"30":7,"31":147,"32":14,"33":14,"34":14,"35":14,"36":14,"37":14,"38":6,"39":6,"40":14,"41":0,"42":0,"43":0,"44":14,"45":14,"46":14,"47":0,"48":0,"49":0,"50":0,"51":0,"52":0,"53":7,"54":7,"55":2,"56":14,"57":14,"58":14,"59":14,"60":0,"61":0,"62":0,"63":0,"64":0,"65":0,"66":0,"67":14},"b":{"1":[0,7],"2":[0,0],"3":[0,7],"4":[14,133],"5":[6,8],"6":[0,14],"7":[0,0],"8":[0,0],"9":[7,0],"10":[14,0,0,0,0]},"f":{"1":7,"2":7,"3":14},"l":{"3":1,"4":1,"5":1,"7":1,"8":1,"9":1,"10":1,"11":1,"12":1,"14":2,"15":7,"16":7,"19":2,"20":7,"21":0,"24":7,"26":7,"29":7,"30":7,"31":0,"32":0,"34":0,"35":0,"39":0,"46":7,"47":0,"48":0,"51":7,"52":147,"53":14,"54":14,"56":14,"59":14,"61":14,"62":14,"63":6,"65":6,"69":14,"70":0,"71":0,"74":0,"77":14,"78":14,"82":14,"85":0,"86":0,"88":0,"89":0,"93":0,"95":1,"102":7,"103":7,"110":2,"113":14,"114":14,"116":14,"117":14,"119":0,"120":0,"122":0,"123":0,"125":0,"126":0,"129":0,"132":14}},"src/CommandLineParser.ts":{"path":"src/CommandLineParser.ts","statementMap":{"1":{"start":{"line":1,"column":0},"end":{"line":1,"column":25}},"2":{"start":{"line":2,"column":0},"end":{"line":2,"column":29}},"3":{"start":{"line":3,"column":0},"end":{"line":3,"column":33}},"4":{"start":{"line":4,"column":0},"end":{"line":4,"column":31}},"5":{"start":{"line":16,"column":0},"end":{"line":18,"column":1}},"6":{"start":{"line":20,"column":0},"end":{"line":39,"column":2}},"7":{"start":{"line":45,"column":0},"end":{"line":101,"column":1}},"8":{"start":{"line":46,"column":4},"end":{"line":58,"column":21}},"9":{"start":{"line":56,"column":12},"end":{"line":56,"column":36}},"10":{"start":{"line":60,"column":4},"end":{"line":60,"column":48}},"11":{"start":{"line":63,"column":4},"end":{"line":63,"column":32}},"12":{"start":{"line":66,"column":4},"end":{"line":66,"column":44}},"13":{"start":{"line":69,"column":4},"end":{"line":80,"column":5}},"14":{"start":{"line":70,"column":8},"end":{"line":70,"column":36}},"15":{"start":{"line":71,"column":8},"end":{"line":71,"column":55}},"16":{"start":{"line":72,"column":8},"end":{"line":72,"column":70}},"17":{"start":{"line":73,"column":8},"end":{"line":73,"column":84}},"18":{"start":{"line":74,"column":8},"end":{"line":79,"column":10}},"19":{"start":{"line":83,"column":4},"end":{"line":83,"column":32}},"20":{"start":{"line":86,"column":4},"end":{"line":86,"column":32}},"21":{"start":{"line":88,"column":4},"end":{"line":90,"column":5}},"22":{"start":{"line":89,"column":8},"end":{"line":89,"column":80}},"23":{"start":{"line":92,"column":4},"end":{"line":94,"column":5}},"24":{"start":{"line":93,"column":8},"end":{"line":93,"column":52}},"25":{"start":{"line":96,"column":4},"end":{"line":98,"column":5}},"26":{"start":{"line":97,"column":8},"end":{"line":97,"column":65}},"27":{"start":{"line":100,"column":4},"end":{"line":100,"column":44}},"28":{"start":{"line":103,"column":0},"end":{"line":116,"column":1}},"29":{"start":{"line":106,"column":4},"end":{"line":106,"column":71}},"30":{"start":{"line":108,"column":4},"end":{"line":115,"column":5}},"31":{"start":{"line":109,"column":8},"end":{"line":114,"column":9}},"32":{"start":{"line":111,"column":12},"end":{"line":113,"column":13}},"33":{"start":{"line":112,"column":16},"end":{"line":112,"column":63}},"34":{"start":{"line":119,"column":0},"end":{"line":151,"column":1}},"35":{"start":{"line":120,"column":4},"end":{"line":120,"column":50}},"36":{"start":{"line":121,"column":4},"end":{"line":150,"column":5}},"37":{"start":{"line":123,"column":8},"end":{"line":123,"column":41}},"38":{"start":{"line":124,"column":8},"end":{"line":134,"column":9}},"39":{"start":{"line":125,"column":12},"end":{"line":125,"column":34}},"40":{"start":{"line":126,"column":12},"end":{"line":126,"column":56}},"41":{"start":{"line":127,"column":12},"end":{"line":133,"column":13}},"42":{"start":{"line":128,"column":16},"end":{"line":132,"column":17}},"43":{"start":{"line":129,"column":20},"end":{"line":129,"column":44}},"44":{"start":{"line":131,"column":20},"end":{"line":131,"column":47}},"45":{"start":{"line":136,"column":8},"end":{"line":149,"column":11}},"46":{"start":{"line":137,"column":12},"end":{"line":137,"column":31}},"47":{"start":{"line":139,"column":12},"end":{"line":148,"column":13}},"48":{"start":{"line":140,"column":16},"end":{"line":144,"column":17}},"49":{"start":{"line":141,"column":20},"end":{"line":143,"column":21}},"50":{"start":{"line":142,"column":24},"end":{"line":142,"column":38}},"51":{"start":{"line":145,"column":16},"end":{"line":147,"column":17}},"52":{"start":{"line":146,"column":20},"end":{"line":146,"column":82}},"53":{"start":{"line":154,"column":0},"end":{"line":182,"column":1}},"54":{"start":{"line":155,"column":4},"end":{"line":157,"column":5}},"55":{"start":{"line":156,"column":8},"end":{"line":156,"column":82}},"56":{"start":{"line":158,"column":4},"end":{"line":158,"column":19}},"57":{"start":{"line":160,"column":4},"end":{"line":165,"column":5}},"58":{"start":{"line":161,"column":8},"end":{"line":161,"column":49}},"59":{"start":{"line":164,"column":8},"end":{"line":164,"column":75},"skip":true},"60":{"start":{"line":166,"column":4},"end":{"line":180,"column":5}},"61":{"start":{"line":167,"column":8},"end":{"line":167,"column":60}},"62":{"start":{"line":168,"column":11},"end":{"line":180,"column":5}},"63":{"start":{"line":170,"column":8},"end":{"line":170,"column":61}},"64":{"start":{"line":171,"column":8},"end":{"line":179,"column":9}},"65":{"start":{"line":172,"column":12},"end":{"line":172,"column":86}},"66":{"start":{"line":175,"column":12},"end":{"line":178,"column":13}},"67":{"start":{"line":176,"column":16},"end":{"line":176,"column":40}},"68":{"start":{"line":177,"column":16},"end":{"line":177,"column":22}},"69":{"start":{"line":181,"column":4},"end":{"line":181,"column":45}}},"fnMap":{"1":{"name":"parseCommandLine","line":45,"loc":{"start":{"line":45,"column":0},"end":{"line":45,"column":47}}},"2":{"name":"addTSTLOptions","line":103,"loc":{"start":{"line":103,"column":0},"end":{"line":105,"column":47}}},"3":{"name":"runDiagnostics","line":119,"loc":{"start":{"line":119,"column":0},"end":{"line":119,"column":57}}},"4":{"name":"findConfigFile","line":154,"loc":{"start":{"line":154,"column":0},"end":{"line":154,"column":64}}}},"branchMap":{"1":{"line":69,"type":"if","locations":[{"start":{"line":69,"column":4},"end":{"line":69,"column":3}},{"start":{"line":69,"column":4},"end":{"line":69,"column":3}}]},"2":{"line":88,"type":"if","locations":[{"start":{"line":88,"column":4},"end":{"line":88,"column":3}},{"start":{"line":88,"column":4},"end":{"line":88,"column":3}}]},"3":{"line":88,"type":"binary-expr","locations":[{"start":{"line":88,"column":8},"end":{"line":88,"column":35}},{"start":{"line":88,"column":39},"end":{"line":88,"column":67}}]},"4":{"line":92,"type":"if","locations":[{"start":{"line":92,"column":4},"end":{"line":92,"column":3}},{"start":{"line":92,"column":4},"end":{"line":92,"column":3}}]},"5":{"line":96,"type":"if","locations":[{"start":{"line":96,"column":4},"end":{"line":96,"column":3}},{"start":{"line":96,"column":4},"end":{"line":96,"column":3}}]},"6":{"line":106,"type":"cond-expr","locations":[{"start":{"line":106,"column":38},"end":{"line":106,"column":52}},{"start":{"line":106,"column":55},"end":{"line":106,"column":70}}]},"7":{"line":108,"type":"if","locations":[{"start":{"line":108,"column":4},"end":{"line":108,"column":3}},{"start":{"line":108,"column":4},"end":{"line":108,"column":3}}]},"8":{"line":111,"type":"if","locations":[{"start":{"line":111,"column":12},"end":{"line":111,"column":11}},{"start":{"line":111,"column":12},"end":{"line":111,"column":11}}]},"9":{"line":111,"type":"binary-expr","locations":[{"start":{"line":111,"column":16},"end":{"line":111,"column":39}},{"start":{"line":111,"column":44},"end":{"line":111,"column":69}},{"start":{"line":111,"column":73},"end":{"line":111,"column":86}}]},"10":{"line":121,"type":"if","locations":[{"start":{"line":121,"column":4},"end":{"line":121,"column":3}},{"start":{"line":121,"column":4},"end":{"line":121,"column":3}}]},"11":{"line":127,"type":"if","locations":[{"start":{"line":127,"column":12},"end":{"line":127,"column":11}},{"start":{"line":127,"column":12},"end":{"line":127,"column":11}}]},"12":{"line":128,"type":"if","locations":[{"start":{"line":128,"column":16},"end":{"line":128,"column":15}},{"start":{"line":128,"column":16},"end":{"line":128,"column":15}}]},"13":{"line":139,"type":"if","locations":[{"start":{"line":139,"column":12},"end":{"line":139,"column":11}},{"start":{"line":139,"column":12},"end":{"line":139,"column":11}}]},"14":{"line":141,"type":"if","locations":[{"start":{"line":141,"column":20},"end":{"line":141,"column":19}},{"start":{"line":141,"column":20},"end":{"line":141,"column":19}}]},"15":{"line":145,"type":"if","locations":[{"start":{"line":145,"column":16},"end":{"line":145,"column":15}},{"start":{"line":145,"column":16},"end":{"line":145,"column":15}}]},"16":{"line":155,"type":"if","locations":[{"start":{"line":155,"column":4},"end":{"line":155,"column":3}},{"start":{"line":155,"column":4},"end":{"line":155,"column":3}}]},"17":{"line":160,"type":"if","locations":[{"start":{"line":160,"column":4},"end":{"line":160,"column":3}},{"start":{"line":160,"column":4},"end":{"line":160,"column":3},"skip":true}]},"18":{"line":166,"type":"if","locations":[{"start":{"line":166,"column":4},"end":{"line":166,"column":3}},{"start":{"line":166,"column":4},"end":{"line":166,"column":3}}]},"19":{"line":168,"type":"if","locations":[{"start":{"line":168,"column":11},"end":{"line":168,"column":10}},{"start":{"line":168,"column":11},"end":{"line":168,"column":10}}]},"20":{"line":168,"type":"binary-expr","locations":[{"start":{"line":168,"column":15},"end":{"line":168,"column":47}},{"start":{"line":168,"column":51},"end":{"line":168,"column":85}}]},"21":{"line":175,"type":"if","locations":[{"start":{"line":175,"column":12},"end":{"line":175,"column":11}},{"start":{"line":175,"column":12},"end":{"line":175,"column":11}}]}},"s":{"1":1,"2":1,"3":1,"4":1,"5":1,"6":1,"7":2,"8":7,"9":0,"10":7,"11":7,"12":7,"13":7,"14":7,"15":7,"16":7,"17":7,"18":7,"19":7,"20":7,"21":7,"22":4,"23":7,"24":0,"25":7,"26":4,"27":7,"28":1,"29":14,"30":14,"31":14,"32":95,"33":21,"34":1,"35":14,"36":14,"37":0,"38":0,"39":0,"40":0,"41":0,"42":0,"43":0,"44":0,"45":0,"46":0,"47":0,"48":0,"49":0,"50":0,"51":0,"52":0,"53":2,"54":7,"55":0,"56":7,"57":7,"58":7,"59":0,"60":7,"61":1,"62":6,"63":1,"64":1,"65":2,"66":2,"67":1,"68":1,"69":7},"b":{"1":[7,0],"2":[4,3],"3":[7,7],"4":[0,7],"5":[4,3],"6":[7,7],"7":[14,0],"8":[21,74],"9":[95,25,4],"10":[0,14],"11":[0,0],"12":[0,0],"13":[0,0],"14":[0,0],"15":[0,0],"16":[0,7],"17":[7,0],"18":[1,6],"19":[1,5],"20":[6,6],"21":[1,1]},"f":{"1":7,"2":14,"3":14,"4":7},"l":{"1":1,"2":1,"3":1,"4":1,"16":1,"20":1,"45":2,"46":7,"56":0,"60":7,"63":7,"66":7,"69":7,"70":7,"71":7,"72":7,"73":7,"74":7,"83":7,"86":7,"88":7,"89":4,"92":7,"93":0,"96":7,"97":4,"100":7,"103":1,"106":14,"108":14,"109":14,"111":95,"112":21,"119":1,"120":14,"121":14,"123":0,"124":0,"125":0,"126":0,"127":0,"128":0,"129":0,"131":0,"136":0,"137":0,"139":0,"140":0,"141":0,"142":0,"145":0,"146":0,"154":2,"155":7,"156":0,"158":7,"160":7,"161":7,"164":1,"166":7,"167":1,"168":6,"170":1,"171":1,"172":2,"175":2,"176":1,"177":1,"181":7}},"src/targets/Transpiler.51.ts":{"path":"src/targets/Transpiler.51.ts","statementMap":{"1":{"start":{"line":1,"column":0},"end":{"line":1,"column":62}},"2":{"start":{"line":6,"column":0},"end":{"line":8,"column":1}}},"fnMap":{},"branchMap":{},"s":{"1":1,"2":1},"b":{},"f":{},"l":{"1":1,"6":1}},"src/Transpiler.ts":{"path":"src/Transpiler.ts","statementMap":{"1":{"start":{"line":1,"column":0},"end":{"line":1,"column":33}},"2":{"start":{"line":4,"column":0},"end":{"line":4,"column":50}},"3":{"start":{"line":6,"column":0},"end":{"line":6,"column":29}},"4":{"start":{"line":9,"column":0},"end":{"line":9,"column":47}},"5":{"start":{"line":15,"column":8},"end":{"line":15,"column":23}},"6":{"start":{"line":16,"column":8},"end":{"line":16,"column":25}},"7":{"start":{"line":12,"column":0},"end":{"line":18,"column":1}},"8":{"start":{"line":20,"column":0},"end":{"line":25,"column":1}},"9":{"start":{"line":21,"column":4},"end":{"line":21,"column":17}},"10":{"start":{"line":22,"column":4},"end":{"line":22,"column":17}},"11":{"start":{"line":23,"column":4},"end":{"line":23,"column":17}},"12":{"start":{"line":24,"column":4},"end":{"line":24,"column":18}},"13":{"start":{"line":27,"column":0},"end":{"line":43,"column":1}},"14":{"start":{"line":28,"column":4},"end":{"line":28,"column":29}},"15":{"start":{"line":29,"column":4},"end":{"line":29,"column":31}},"16":{"start":{"line":30,"column":4},"end":{"line":30,"column":33}},"17":{"start":{"line":31,"column":4},"end":{"line":31,"column":33}},"18":{"start":{"line":32,"column":4},"end":{"line":32,"column":25}},"19":{"start":{"line":33,"column":4},"end":{"line":33,"column":27}},"20":{"start":{"line":34,"column":4},"end":{"line":34,"column":29}},"21":{"start":{"line":35,"column":4},"end":{"line":35,"column":27}},"22":{"start":{"line":36,"column":4},"end":{"line":36,"column":31}},"23":{"start":{"line":37,"column":4},"end":{"line":37,"column":29}},"24":{"start":{"line":38,"column":4},"end":{"line":38,"column":15}},"25":{"start":{"line":39,"column":4},"end":{"line":39,"column":15}},"26":{"start":{"line":40,"column":4},"end":{"line":40,"column":35}},"27":{"start":{"line":41,"column":4},"end":{"line":41,"column":31}},"28":{"start":{"line":42,"column":4},"end":{"line":42,"column":23}},"29":{"start":{"line":71,"column":8},"end":{"line":71,"column":25}},"30":{"start":{"line":72,"column":8},"end":{"line":72,"column":31}},"31":{"start":{"line":73,"column":8},"end":{"line":73,"column":31}},"32":{"start":{"line":74,"column":8},"end":{"line":74,"column":31}},"33":{"start":{"line":75,"column":8},"end":{"line":75,"column":35}},"34":{"start":{"line":76,"column":8},"end":{"line":76,"column":28}},"35":{"start":{"line":77,"column":8},"end":{"line":77,"column":29}},"36":{"start":{"line":78,"column":8},"end":{"line":78,"column":37}},"37":{"start":{"line":79,"column":8},"end":{"line":79,"column":58}},"38":{"start":{"line":80,"column":8},"end":{"line":80,"column":28}},"39":{"start":{"line":81,"column":8},"end":{"line":81,"column":29}},"40":{"start":{"line":82,"column":8},"end":{"line":82,"column":30}},"41":{"start":{"line":83,"column":8},"end":{"line":83,"column":57}},"42":{"start":{"line":87,"column":8},"end":{"line":87,"column":43}},"43":{"start":{"line":91,"column":8},"end":{"line":91,"column":43}},"44":{"start":{"line":95,"column":8},"end":{"line":95,"column":63}},"45":{"start":{"line":99,"column":8},"end":{"line":100,"column":26}},"46":{"start":{"line":104,"column":8},"end":{"line":104,"column":105}},"47":{"start":{"line":108,"column":8},"end":{"line":108,"column":32}},"48":{"start":{"line":109,"column":8},"end":{"line":118,"column":9}},"49":{"start":{"line":113,"column":12},"end":{"line":117,"column":13}},"50":{"start":{"line":114,"column":16},"end":{"line":114,"column":85}},"51":{"start":{"line":116,"column":16},"end":{"line":116,"column":90}},"52":{"start":{"line":119,"column":8},"end":{"line":125,"column":9}},"53":{"start":{"line":120,"column":12},"end":{"line":124,"column":13}},"54":{"start":{"line":121,"column":16},"end":{"line":121,"column":78}},"55":{"start":{"line":123,"column":16},"end":{"line":123,"column":83}},"56":{"start":{"line":126,"column":8},"end":{"line":126,"column":22}},"57":{"start":{"line":130,"column":8},"end":{"line":130,"column":24}},"58":{"start":{"line":131,"column":8},"end":{"line":132,"column":77}},"59":{"start":{"line":132,"column":19},"end":{"line":132,"column":75}},"60":{"start":{"line":133,"column":8},"end":{"line":133,"column":22}},"61":{"start":{"line":138,"column":8},"end":{"line":138,"column":43}},"62":{"start":{"line":142,"column":8},"end":{"line":144,"column":9}},"63":{"start":{"line":143,"column":12},"end":{"line":143,"column":68}},"64":{"start":{"line":145,"column":8},"end":{"line":145,"column":82}},"65":{"start":{"line":150,"column":8},"end":{"line":150,"column":78}},"66":{"start":{"line":151,"column":8},"end":{"line":157,"column":9}},"67":{"start":{"line":154,"column":12},"end":{"line":155,"column":107}},"68":{"start":{"line":156,"column":12},"end":{"line":156,"column":45}},"69":{"start":{"line":159,"column":8},"end":{"line":159,"column":62}},"70":{"start":{"line":163,"column":8},"end":{"line":163,"column":65}},"71":{"start":{"line":168,"column":8},"end":{"line":168,"column":24}},"72":{"start":{"line":169,"column":8},"end":{"line":172,"column":9}},"73":{"start":{"line":170,"column":12},"end":{"line":171,"column":62}},"74":{"start":{"line":173,"column":8},"end":{"line":173,"column":28}},"75":{"start":{"line":174,"column":8},"end":{"line":177,"column":9}},"76":{"start":{"line":176,"column":12},"end":{"line":176,"column":55}},"77":{"start":{"line":178,"column":8},"end":{"line":181,"column":9}},"78":{"start":{"line":180,"column":12},"end":{"line":180,"column":56}},"79":{"start":{"line":184,"column":8},"end":{"line":184,"column":34}},"80":{"start":{"line":185,"column":8},"end":{"line":185,"column":81}},"81":{"start":{"line":185,"column":48},"end":{"line":185,"column":79}},"82":{"start":{"line":186,"column":8},"end":{"line":186,"column":37}},"83":{"start":{"line":188,"column":8},"end":{"line":190,"column":9}},"84":{"start":{"line":189,"column":12},"end":{"line":189,"column":41}},"85":{"start":{"line":191,"column":8},"end":{"line":191,"column":22}},"86":{"start":{"line":196,"column":8},"end":{"line":196,"column":34}},"87":{"start":{"line":197,"column":8},"end":{"line":197,"column":95}},"88":{"start":{"line":197,"column":55},"end":{"line":197,"column":84}},"89":{"start":{"line":198,"column":8},"end":{"line":198,"column":37}},"90":{"start":{"line":200,"column":8},"end":{"line":200,"column":22}},"91":{"start":{"line":206,"column":8},"end":{"line":208,"column":9}},"92":{"start":{"line":206,"column":62},"end":{"line":206,"column":108}},"93":{"start":{"line":207,"column":12},"end":{"line":207,"column":22}},"94":{"start":{"line":210,"column":8},"end":{"line":260,"column":9}},"95":{"start":{"line":212,"column":16},"end":{"line":212,"column":74}},"96":{"start":{"line":214,"column":16},"end":{"line":214,"column":72}},"97":{"start":{"line":216,"column":16},"end":{"line":216,"column":77}},"98":{"start":{"line":218,"column":16},"end":{"line":218,"column":61}},"99":{"start":{"line":220,"column":16},"end":{"line":220,"column":70}},"100":{"start":{"line":222,"column":16},"end":{"line":222,"column":89}},"101":{"start":{"line":224,"column":16},"end":{"line":225,"column":92}},"102":{"start":{"line":227,"column":16},"end":{"line":228,"column":100}},"103":{"start":{"line":230,"column":16},"end":{"line":230,"column":93}},"104":{"start":{"line":232,"column":16},"end":{"line":232,"column":64}},"105":{"start":{"line":234,"column":16},"end":{"line":234,"column":70}},"106":{"start":{"line":236,"column":16},"end":{"line":236,"column":73}},"107":{"start":{"line":238,"column":16},"end":{"line":238,"column":66}},"108":{"start":{"line":240,"column":16},"end":{"line":240,"column":70}},"109":{"start":{"line":242,"column":16},"end":{"line":242,"column":70}},"110":{"start":{"line":244,"column":16},"end":{"line":244,"column":72}},"111":{"start":{"line":246,"column":16},"end":{"line":246,"column":45}},"112":{"start":{"line":248,"column":16},"end":{"line":248,"column":66}},"113":{"start":{"line":250,"column":16},"end":{"line":250,"column":70}},"114":{"start":{"line":252,"column":16},"end":{"line":252,"column":76}},"115":{"start":{"line":257,"column":16},"end":{"line":257,"column":26}},"116":{"start":{"line":259,"column":16},"end":{"line":259,"column":75}},"117":{"start":{"line":264,"column":8},"end":{"line":264,"column":39}},"118":{"start":{"line":265,"column":8},"end":{"line":265,"column":53}},"119":{"start":{"line":269,"column":8},"end":{"line":269,"column":74}},"120":{"start":{"line":270,"column":8},"end":{"line":270,"column":86}},"121":{"start":{"line":272,"column":8},"end":{"line":277,"column":9}},"122":{"start":{"line":273,"column":12},"end":{"line":276,"column":14}},"123":{"start":{"line":279,"column":8},"end":{"line":279,"column":56}},"124":{"start":{"line":281,"column":8},"end":{"line":303,"column":9}},"125":{"start":{"line":282,"column":12},"end":{"line":282,"column":94}},"126":{"start":{"line":283,"column":12},"end":{"line":283,"column":83}},"127":{"start":{"line":284,"column":12},"end":{"line":284,"column":87}},"128":{"start":{"line":285,"column":12},"end":{"line":285,"column":31}},"129":{"start":{"line":286,"column":12},"end":{"line":296,"column":15}},"130":{"start":{"line":287,"column":16},"end":{"line":287,"column":72}},"131":{"start":{"line":288,"column":16},"end":{"line":295,"column":17}},"132":{"start":{"line":289,"column":20},"end":{"line":289,"column":88}},"133":{"start":{"line":290,"column":20},"end":{"line":291,"column":83}},"134":{"start":{"line":293,"column":20},"end":{"line":294,"column":79}},"135":{"start":{"line":297,"column":12},"end":{"line":297,"column":26}},"136":{"start":{"line":298,"column":15},"end":{"line":303,"column":9}},"137":{"start":{"line":299,"column":12},"end":{"line":299,"column":83}},"138":{"start":{"line":300,"column":12},"end":{"line":300,"column":104}},"139":{"start":{"line":302,"column":12},"end":{"line":302,"column":71}},"140":{"start":{"line":308,"column":8},"end":{"line":310,"column":9}},"141":{"start":{"line":309,"column":12},"end":{"line":309,"column":49}},"142":{"start":{"line":312,"column":8},"end":{"line":312,"column":60}},"143":{"start":{"line":313,"column":8},"end":{"line":316,"column":60}},"144":{"start":{"line":318,"column":8},"end":{"line":320,"column":9}},"145":{"start":{"line":319,"column":12},"end":{"line":319,"column":77}},"146":{"start":{"line":321,"column":8},"end":{"line":321,"column":39}},"147":{"start":{"line":323,"column":8},"end":{"line":323,"column":39}},"148":{"start":{"line":324,"column":8},"end":{"line":324,"column":26}},"149":{"start":{"line":325,"column":8},"end":{"line":325,"column":44}},"150":{"start":{"line":326,"column":8},"end":{"line":328,"column":9}},"151":{"start":{"line":327,"column":12},"end":{"line":327,"column":52}},"152":{"start":{"line":329,"column":8},"end":{"line":329,"column":29}},"153":{"start":{"line":330,"column":8},"end":{"line":330,"column":25}},"154":{"start":{"line":331,"column":8},"end":{"line":331,"column":40}},"155":{"start":{"line":332,"column":8},"end":{"line":332,"column":22}},"156":{"start":{"line":336,"column":8},"end":{"line":336,"column":37}},"157":{"start":{"line":337,"column":8},"end":{"line":337,"column":24}},"158":{"start":{"line":339,"column":8},"end":{"line":339,"column":58}},"159":{"start":{"line":340,"column":8},"end":{"line":340,"column":82}},"160":{"start":{"line":342,"column":8},"end":{"line":346,"column":9}},"161":{"start":{"line":343,"column":12},"end":{"line":343,"column":61}},"162":{"start":{"line":344,"column":12},"end":{"line":344,"column":77}},"163":{"start":{"line":345,"column":12},"end":{"line":345,"column":40}},"164":{"start":{"line":348,"column":8},"end":{"line":348,"column":42}},"165":{"start":{"line":349,"column":8},"end":{"line":376,"column":11}},"166":{"start":{"line":350,"column":12},"end":{"line":361,"column":13}},"167":{"start":{"line":351,"column":16},"end":{"line":358,"column":17}},"168":{"start":{"line":352,"column":20},"end":{"line":352,"column":60}},"169":{"start":{"line":353,"column":23},"end":{"line":358,"column":17}},"170":{"start":{"line":354,"column":20},"end":{"line":354,"column":49}},"171":{"start":{"line":355,"column":20},"end":{"line":355,"column":57}},"172":{"start":{"line":357,"column":20},"end":{"line":357,"column":109}},"173":{"start":{"line":359,"column":19},"end":{"line":361,"column":13}},"174":{"start":{"line":360,"column":16},"end":{"line":360,"column":78}},"175":{"start":{"line":363,"column":12},"end":{"line":371,"column":13}},"176":{"start":{"line":364,"column":16},"end":{"line":364,"column":108}},"177":{"start":{"line":365,"column":16},"end":{"line":365,"column":62}},"178":{"start":{"line":367,"column":16},"end":{"line":369,"column":18}},"179":{"start":{"line":370,"column":16},"end":{"line":370,"column":62}},"180":{"start":{"line":373,"column":12},"end":{"line":375,"column":13}},"181":{"start":{"line":374,"column":14},"end":{"line":374,"column":20}},"182":{"start":{"line":377,"column":8},"end":{"line":377,"column":22}},"183":{"start":{"line":381,"column":8},"end":{"line":385,"column":9}},"184":{"start":{"line":382,"column":12},"end":{"line":382,"column":22}},"185":{"start":{"line":384,"column":12},"end":{"line":384,"column":43}},"186":{"start":{"line":389,"column":8},"end":{"line":393,"column":10}},"187":{"start":{"line":397,"column":8},"end":{"line":397,"column":68}},"188":{"start":{"line":399,"column":8},"end":{"line":399,"column":60}},"189":{"start":{"line":400,"column":8},"end":{"line":400,"column":26}},"190":{"start":{"line":401,"column":8},"end":{"line":401,"column":62}},"191":{"start":{"line":402,"column":8},"end":{"line":402,"column":25}},"192":{"start":{"line":404,"column":8},"end":{"line":409,"column":9}},"193":{"start":{"line":405,"column":12},"end":{"line":405,"column":45}},"194":{"start":{"line":406,"column":12},"end":{"line":406,"column":30}},"195":{"start":{"line":407,"column":12},"end":{"line":407,"column":66}},"196":{"start":{"line":408,"column":12},"end":{"line":408,"column":29}},"197":{"start":{"line":411,"column":8},"end":{"line":411,"column":46}},"198":{"start":{"line":421,"column":8},"end":{"line":421,"column":48}},"199":{"start":{"line":422,"column":8},"end":{"line":422,"column":29}},"200":{"start":{"line":423,"column":8},"end":{"line":423,"column":42}},"201":{"start":{"line":424,"column":8},"end":{"line":424,"column":26}},"202":{"start":{"line":425,"column":8},"end":{"line":425,"column":58}},"203":{"start":{"line":426,"column":8},"end":{"line":426,"column":25}},"204":{"start":{"line":427,"column":8},"end":{"line":427,"column":40}},"205":{"start":{"line":428,"column":8},"end":{"line":428,"column":22}},"206":{"start":{"line":432,"column":8},"end":{"line":432,"column":68}},"207":{"start":{"line":434,"column":8},"end":{"line":434,"column":61}},"208":{"start":{"line":435,"column":8},"end":{"line":435,"column":26}},"209":{"start":{"line":436,"column":8},"end":{"line":436,"column":47}},"210":{"start":{"line":437,"column":8},"end":{"line":437,"column":25}},"211":{"start":{"line":438,"column":8},"end":{"line":438,"column":46}},"212":{"start":{"line":442,"column":8},"end":{"line":442,"column":46}},"213":{"start":{"line":444,"column":8},"end":{"line":444,"column":26}},"214":{"start":{"line":445,"column":8},"end":{"line":445,"column":47}},"215":{"start":{"line":446,"column":8},"end":{"line":446,"column":25}},"216":{"start":{"line":449,"column":8},"end":{"line":449,"column":97}},"217":{"start":{"line":451,"column":8},"end":{"line":451,"column":22}},"218":{"start":{"line":456,"column":8},"end":{"line":456,"column":24}},"219":{"start":{"line":457,"column":8},"end":{"line":459,"column":9}},"220":{"start":{"line":458,"column":12},"end":{"line":458,"column":91}},"221":{"start":{"line":460,"column":8},"end":{"line":460,"column":90}},"222":{"start":{"line":463,"column":8},"end":{"line":463,"column":26}},"223":{"start":{"line":464,"column":8},"end":{"line":464,"column":47}},"224":{"start":{"line":465,"column":8},"end":{"line":465,"column":82}},"225":{"start":{"line":466,"column":8},"end":{"line":466,"column":25}},"226":{"start":{"line":468,"column":8},"end":{"line":468,"column":40}},"227":{"start":{"line":470,"column":8},"end":{"line":470,"column":22}},"228":{"start":{"line":475,"column":8},"end":{"line":475,"column":90}},"229":{"start":{"line":478,"column":8},"end":{"line":478,"column":69}},"230":{"start":{"line":481,"column":8},"end":{"line":481,"column":108}},"231":{"start":{"line":482,"column":8},"end":{"line":482,"column":51}},"232":{"start":{"line":485,"column":8},"end":{"line":485,"column":24}},"233":{"start":{"line":486,"column":8},"end":{"line":493,"column":9}},"234":{"start":{"line":487,"column":12},"end":{"line":487,"column":119}},"235":{"start":{"line":488,"column":15},"end":{"line":493,"column":9}},"236":{"start":{"line":489,"column":12},"end":{"line":489,"column":66}},"237":{"start":{"line":490,"column":12},"end":{"line":490,"column":88}},"238":{"start":{"line":491,"column":12},"end":{"line":491,"column":118}},"239":{"start":{"line":492,"column":12},"end":{"line":492,"column":83}},"240":{"start":{"line":496,"column":8},"end":{"line":496,"column":26}},"241":{"start":{"line":497,"column":8},"end":{"line":497,"column":47}},"242":{"start":{"line":498,"column":8},"end":{"line":498,"column":25}},"243":{"start":{"line":500,"column":8},"end":{"line":500,"column":46}},"244":{"start":{"line":505,"column":8},"end":{"line":505,"column":116}},"245":{"start":{"line":506,"column":8},"end":{"line":506,"column":58}},"246":{"start":{"line":509,"column":8},"end":{"line":509,"column":69}},"247":{"start":{"line":511,"column":8},"end":{"line":513,"column":9}},"248":{"start":{"line":512,"column":12},"end":{"line":512,"column":98}},"249":{"start":{"line":516,"column":8},"end":{"line":516,"column":113}},"250":{"start":{"line":519,"column":8},"end":{"line":519,"column":26}},"251":{"start":{"line":520,"column":8},"end":{"line":520,"column":47}},"252":{"start":{"line":521,"column":8},"end":{"line":521,"column":25}},"253":{"start":{"line":523,"column":8},"end":{"line":523,"column":46}},"254":{"start":{"line":527,"column":8},"end":{"line":531,"column":9}},"255":{"start":{"line":528,"column":12},"end":{"line":528,"column":45}},"256":{"start":{"line":530,"column":12},"end":{"line":530,"column":44}},"257":{"start":{"line":535,"column":8},"end":{"line":535,"column":75}},"258":{"start":{"line":536,"column":8},"end":{"line":536,"column":47}},"259":{"start":{"line":538,"column":8},"end":{"line":538,"column":76}},"260":{"start":{"line":540,"column":8},"end":{"line":540,"column":64}},"261":{"start":{"line":541,"column":8},"end":{"line":541,"column":29}},"262":{"start":{"line":543,"column":8},"end":{"line":543,"column":64}},"263":{"start":{"line":546,"column":8},"end":{"line":590,"column":11}},"264":{"start":{"line":547,"column":12},"end":{"line":551,"column":13}},"265":{"start":{"line":548,"column":16},"end":{"line":548,"column":53}},"266":{"start":{"line":549,"column":16},"end":{"line":550,"column":114}},"267":{"start":{"line":552,"column":12},"end":{"line":555,"column":13}},"268":{"start":{"line":553,"column":16},"end":{"line":553,"column":56}},"269":{"start":{"line":554,"column":16},"end":{"line":554,"column":110}},"270":{"start":{"line":556,"column":12},"end":{"line":556,"column":30}},"271":{"start":{"line":558,"column":12},"end":{"line":558,"column":37}},"272":{"start":{"line":559,"column":12},"end":{"line":561,"column":15}},"273":{"start":{"line":560,"column":16},"end":{"line":560,"column":56}},"274":{"start":{"line":562,"column":12},"end":{"line":562,"column":37}},"275":{"start":{"line":564,"column":12},"end":{"line":564,"column":30}},"276":{"start":{"line":565,"column":12},"end":{"line":585,"column":13}},"277":{"start":{"line":566,"column":16},"end":{"line":566,"column":44}},"278":{"start":{"line":567,"column":16},"end":{"line":573,"column":17}},"279":{"start":{"line":571,"column":20},"end":{"line":571,"column":24}},"280":{"start":{"line":572,"column":20},"end":{"line":572,"column":44}},"281":{"start":{"line":575,"column":16},"end":{"line":582,"column":17}},"282":{"start":{"line":576,"column":20},"end":{"line":581,"column":21}},"283":{"start":{"line":577,"column":24},"end":{"line":578,"column":115}},"284":{"start":{"line":580,"column":24},"end":{"line":580,"column":107}},"285":{"start":{"line":584,"column":16},"end":{"line":584,"column":54}},"286":{"start":{"line":587,"column":12},"end":{"line":587,"column":29}},"287":{"start":{"line":589,"column":12},"end":{"line":589,"column":44}},"288":{"start":{"line":591,"column":8},"end":{"line":592,"column":96}},"289":{"start":{"line":593,"column":8},"end":{"line":595,"column":86}},"290":{"start":{"line":596,"column":8},"end":{"line":597,"column":59}},"291":{"start":{"line":600,"column":8},"end":{"line":600,"column":45}},"292":{"start":{"line":601,"column":8},"end":{"line":601,"column":22}},"293":{"start":{"line":605,"column":8},"end":{"line":605,"column":37}},"294":{"start":{"line":606,"column":8},"end":{"line":606,"column":26}},"295":{"start":{"line":607,"column":8},"end":{"line":607,"column":54}},"296":{"start":{"line":608,"column":8},"end":{"line":608,"column":25}},"297":{"start":{"line":609,"column":8},"end":{"line":609,"column":25}},"298":{"start":{"line":610,"column":8},"end":{"line":610,"column":43}},"299":{"start":{"line":611,"column":8},"end":{"line":618,"column":9}},"300":{"start":{"line":612,"column":12},"end":{"line":612,"column":118}},"301":{"start":{"line":613,"column":12},"end":{"line":613,"column":68}},"302":{"start":{"line":614,"column":12},"end":{"line":614,"column":30}},"303":{"start":{"line":615,"column":12},"end":{"line":615,"column":69}},"304":{"start":{"line":616,"column":12},"end":{"line":616,"column":29}},"305":{"start":{"line":617,"column":12},"end":{"line":617,"column":31}},"306":{"start":{"line":619,"column":8},"end":{"line":619,"column":73}},"307":{"start":{"line":620,"column":8},"end":{"line":622,"column":9}},"308":{"start":{"line":621,"column":12},"end":{"line":621,"column":61}},"309":{"start":{"line":623,"column":8},"end":{"line":623,"column":22}},"310":{"start":{"line":627,"column":8},"end":{"line":634,"column":9}},"311":{"start":{"line":628,"column":12},"end":{"line":628,"column":54}},"312":{"start":{"line":630,"column":12},"end":{"line":633,"column":14}},"313":{"start":{"line":638,"column":8},"end":{"line":660,"column":9}},"314":{"start":{"line":641,"column":12},"end":{"line":641,"column":92}},"315":{"start":{"line":642,"column":12},"end":{"line":645,"column":13}},"316":{"start":{"line":644,"column":16},"end":{"line":644,"column":114}},"317":{"start":{"line":644,"column":72},"end":{"line":644,"column":102}},"318":{"start":{"line":649,"column":12},"end":{"line":654,"column":13}},"319":{"start":{"line":652,"column":16},"end":{"line":653,"column":99}},"320":{"start":{"line":656,"column":12},"end":{"line":656,"column":73}},"321":{"start":{"line":659,"column":12},"end":{"line":659,"column":28}},"322":{"start":{"line":664,"column":8},"end":{"line":737,"column":9}},"323":{"start":{"line":667,"column":16},"end":{"line":667,"column":93}},"324":{"start":{"line":670,"column":16},"end":{"line":670,"column":103}},"325":{"start":{"line":672,"column":16},"end":{"line":672,"column":79}},"326":{"start":{"line":674,"column":16},"end":{"line":674,"column":99}},"327":{"start":{"line":676,"column":16},"end":{"line":676,"column":97}},"328":{"start":{"line":679,"column":16},"end":{"line":681,"column":17}},"329":{"start":{"line":680,"column":20},"end":{"line":680,"column":33}},"330":{"start":{"line":683,"column":16},"end":{"line":683,"column":71}},"331":{"start":{"line":686,"column":16},"end":{"line":686,"column":61}},"332":{"start":{"line":687,"column":16},"end":{"line":687,"column":35}},"333":{"start":{"line":689,"column":16},"end":{"line":689,"column":87}},"334":{"start":{"line":691,"column":16},"end":{"line":691,"column":56}},"335":{"start":{"line":693,"column":16},"end":{"line":693,"column":30}},"336":{"start":{"line":695,"column":16},"end":{"line":695,"column":31}},"337":{"start":{"line":698,"column":16},"end":{"line":698,"column":29}},"338":{"start":{"line":700,"column":16},"end":{"line":700,"column":30}},"339":{"start":{"line":702,"column":16},"end":{"line":702,"column":95}},"340":{"start":{"line":704,"column":16},"end":{"line":704,"column":93}},"341":{"start":{"line":706,"column":16},"end":{"line":706,"column":85}},"342":{"start":{"line":708,"column":16},"end":{"line":708,"column":87}},"343":{"start":{"line":710,"column":16},"end":{"line":710,"column":99}},"344":{"start":{"line":713,"column":16},"end":{"line":713,"column":82}},"345":{"start":{"line":715,"column":16},"end":{"line":715,"column":77}},"346":{"start":{"line":717,"column":16},"end":{"line":717,"column":106}},"347":{"start":{"line":719,"column":16},"end":{"line":719,"column":109}},"348":{"start":{"line":721,"column":16},"end":{"line":721,"column":37}},"349":{"start":{"line":724,"column":16},"end":{"line":724,"column":87}},"350":{"start":{"line":727,"column":16},"end":{"line":727,"column":86}},"351":{"start":{"line":729,"column":16},"end":{"line":729,"column":83}},"352":{"start":{"line":731,"column":20},"end":{"line":731,"column":30}},"353":{"start":{"line":733,"column":16},"end":{"line":736,"column":18}},"354":{"start":{"line":742,"column":8},"end":{"line":742,"column":62}},"355":{"start":{"line":743,"column":8},"end":{"line":743,"column":63}},"356":{"start":{"line":746,"column":8},"end":{"line":746,"column":99}},"357":{"start":{"line":747,"column":8},"end":{"line":754,"column":9}},"358":{"start":{"line":748,"column":12},"end":{"line":748,"column":85}},"359":{"start":{"line":749,"column":12},"end":{"line":749,"column":74}},"360":{"start":{"line":750,"column":12},"end":{"line":752,"column":13}},"361":{"start":{"line":751,"column":16},"end":{"line":751,"column":98}},"362":{"start":{"line":753,"column":12},"end":{"line":753,"column":39}},"363":{"start":{"line":756,"column":8},"end":{"line":756,"column":24}},"364":{"start":{"line":759,"column":8},"end":{"line":767,"column":9}},"365":{"start":{"line":766,"column":16},"end":{"line":766,"column":68}},"366":{"start":{"line":770,"column":8},"end":{"line":842,"column":9}},"367":{"start":{"line":771,"column":12},"end":{"line":841,"column":13}},"368":{"start":{"line":773,"column":20},"end":{"line":773,"column":49}},"369":{"start":{"line":774,"column":20},"end":{"line":774,"column":26}},"370":{"start":{"line":776,"column":20},"end":{"line":776,"column":48}},"371":{"start":{"line":777,"column":20},"end":{"line":777,"column":26}},"372":{"start":{"line":780,"column":20},"end":{"line":780,"column":79}},"373":{"start":{"line":781,"column":20},"end":{"line":781,"column":81}},"374":{"start":{"line":782,"column":20},"end":{"line":785,"column":21}},"375":{"start":{"line":784,"column":24},"end":{"line":784,"column":50}},"376":{"start":{"line":786,"column":20},"end":{"line":786,"column":45}},"377":{"start":{"line":787,"column":20},"end":{"line":787,"column":26}},"378":{"start":{"line":789,"column":20},"end":{"line":789,"column":45}},"379":{"start":{"line":790,"column":20},"end":{"line":790,"column":26}},"380":{"start":{"line":792,"column":20},"end":{"line":792,"column":45}},"381":{"start":{"line":793,"column":20},"end":{"line":793,"column":26}},"382":{"start":{"line":795,"column":20},"end":{"line":795,"column":45}},"383":{"start":{"line":796,"column":20},"end":{"line":796,"column":26}},"384":{"start":{"line":798,"column":20},"end":{"line":798,"column":45}},"385":{"start":{"line":799,"column":20},"end":{"line":799,"column":26}},"386":{"start":{"line":801,"column":20},"end":{"line":801,"column":45}},"387":{"start":{"line":802,"column":20},"end":{"line":802,"column":26}},"388":{"start":{"line":804,"column":20},"end":{"line":804,"column":45}},"389":{"start":{"line":805,"column":20},"end":{"line":805,"column":26}},"390":{"start":{"line":807,"column":20},"end":{"line":807,"column":46}},"391":{"start":{"line":808,"column":20},"end":{"line":808,"column":26}},"392":{"start":{"line":810,"column":20},"end":{"line":810,"column":45}},"393":{"start":{"line":811,"column":20},"end":{"line":811,"column":26}},"394":{"start":{"line":813,"column":20},"end":{"line":813,"column":46}},"395":{"start":{"line":814,"column":20},"end":{"line":814,"column":26}},"396":{"start":{"line":816,"column":20},"end":{"line":818,"column":21}},"397":{"start":{"line":817,"column":24},"end":{"line":817,"column":104}},"398":{"start":{"line":820,"column":20},"end":{"line":820,"column":47}},"399":{"start":{"line":821,"column":20},"end":{"line":821,"column":26}},"400":{"start":{"line":824,"column":20},"end":{"line":824,"column":46}},"401":{"start":{"line":825,"column":20},"end":{"line":825,"column":26}},"402":{"start":{"line":828,"column":20},"end":{"line":828,"column":46}},"403":{"start":{"line":829,"column":20},"end":{"line":829,"column":26}},"404":{"start":{"line":831,"column":20},"end":{"line":831,"column":51}},"405":{"start":{"line":832,"column":20},"end":{"line":832,"column":26}},"406":{"start":{"line":834,"column":20},"end":{"line":834,"column":94}},"407":{"start":{"line":835,"column":20},"end":{"line":835,"column":26}},"408":{"start":{"line":837,"column":20},"end":{"line":840,"column":22}},"409":{"start":{"line":845,"column":8},"end":{"line":849,"column":9}},"410":{"start":{"line":846,"column":12},"end":{"line":846,"column":33}},"411":{"start":{"line":848,"column":12},"end":{"line":848,"column":26}},"412":{"start":{"line":853,"column":8},"end":{"line":853,"column":105}},"413":{"start":{"line":857,"column":8},"end":{"line":857,"column":105}},"414":{"start":{"line":861,"column":8},"end":{"line":861,"column":46}},"415":{"start":{"line":862,"column":8},"end":{"line":869,"column":11}},"416":{"start":{"line":863,"column":12},"end":{"line":863,"column":73}},"417":{"start":{"line":864,"column":12},"end":{"line":868,"column":13}},"418":{"start":{"line":865,"column":16},"end":{"line":865,"column":72}},"419":{"start":{"line":867,"column":16},"end":{"line":867,"column":72}},"420":{"start":{"line":870,"column":8},"end":{"line":870,"column":32}},"421":{"start":{"line":874,"column":8},"end":{"line":874,"column":67}},"422":{"start":{"line":875,"column":8},"end":{"line":875,"column":61}},"423":{"start":{"line":876,"column":8},"end":{"line":876,"column":62}},"424":{"start":{"line":878,"column":8},"end":{"line":879,"column":110}},"425":{"start":{"line":883,"column":8},"end":{"line":883,"column":69}},"426":{"start":{"line":884,"column":8},"end":{"line":893,"column":9}},"427":{"start":{"line":886,"column":16},"end":{"line":886,"column":49}},"428":{"start":{"line":888,"column":16},"end":{"line":888,"column":49}},"429":{"start":{"line":890,"column":16},"end":{"line":890,"column":81}},"430":{"start":{"line":891,"column":16},"end":{"line":892,"column":47}},"431":{"start":{"line":897,"column":8},"end":{"line":897,"column":69}},"432":{"start":{"line":898,"column":8},"end":{"line":913,"column":9}},"433":{"start":{"line":900,"column":16},"end":{"line":900,"column":70}},"434":{"start":{"line":902,"column":16},"end":{"line":902,"column":49}},"435":{"start":{"line":904,"column":16},"end":{"line":904,"column":49}},"436":{"start":{"line":906,"column":16},"end":{"line":906,"column":42}},"437":{"start":{"line":908,"column":16},"end":{"line":908,"column":37}},"438":{"start":{"line":910,"column":16},"end":{"line":910,"column":81}},"439":{"start":{"line":911,"column":16},"end":{"line":912,"column":47}},"440":{"start":{"line":917,"column":8},"end":{"line":917,"column":63}},"441":{"start":{"line":918,"column":8},"end":{"line":918,"column":106}},"442":{"start":{"line":920,"column":8},"end":{"line":920,"column":40}},"443":{"start":{"line":925,"column":8},"end":{"line":925,"column":19}},"444":{"start":{"line":926,"column":8},"end":{"line":926,"column":21}},"445":{"start":{"line":928,"column":8},"end":{"line":928,"column":77}},"446":{"start":{"line":929,"column":8},"end":{"line":929,"column":83}},"447":{"start":{"line":931,"column":8},"end":{"line":934,"column":9}},"448":{"start":{"line":932,"column":12},"end":{"line":932,"column":60}},"449":{"start":{"line":933,"column":12},"end":{"line":933,"column":92}},"450":{"start":{"line":937,"column":8},"end":{"line":941,"column":9}},"451":{"start":{"line":938,"column":12},"end":{"line":938,"column":120}},"452":{"start":{"line":939,"column":12},"end":{"line":939,"column":74}},"453":{"start":{"line":940,"column":12},"end":{"line":940,"column":64}},"454":{"start":{"line":943,"column":8},"end":{"line":943,"column":61}},"455":{"start":{"line":944,"column":8},"end":{"line":944,"column":57}},"456":{"start":{"line":945,"column":8},"end":{"line":945,"column":119}},"457":{"start":{"line":949,"column":8},"end":{"line":949,"column":19}},"458":{"start":{"line":950,"column":8},"end":{"line":950,"column":21}},"459":{"start":{"line":953,"column":8},"end":{"line":955,"column":9}},"460":{"start":{"line":954,"column":12},"end":{"line":954,"column":103}},"461":{"start":{"line":958,"column":8},"end":{"line":958,"column":85}},"462":{"start":{"line":960,"column":8},"end":{"line":963,"column":9}},"463":{"start":{"line":961,"column":12},"end":{"line":961,"column":61}},"464":{"start":{"line":962,"column":12},"end":{"line":962,"column":86}},"465":{"start":{"line":965,"column":8},"end":{"line":968,"column":9}},"466":{"start":{"line":966,"column":12},"end":{"line":966,"column":61}},"467":{"start":{"line":967,"column":12},"end":{"line":967,"column":88}},"468":{"start":{"line":970,"column":8},"end":{"line":975,"column":9}},"469":{"start":{"line":973,"column":16},"end":{"line":973,"column":64}},"470":{"start":{"line":977,"column":8},"end":{"line":979,"column":9}},"471":{"start":{"line":978,"column":12},"end":{"line":978,"column":59}},"472":{"start":{"line":982,"column":8},"end":{"line":982,"column":77}},"473":{"start":{"line":984,"column":8},"end":{"line":997,"column":9}},"474":{"start":{"line":987,"column":12},"end":{"line":987,"column":65}},"475":{"start":{"line":988,"column":12},"end":{"line":988,"column":61}},"476":{"start":{"line":989,"column":12},"end":{"line":989,"column":44}},"477":{"start":{"line":992,"column":12},"end":{"line":992,"column":72}},"478":{"start":{"line":993,"column":12},"end":{"line":994,"column":82}},"479":{"start":{"line":995,"column":12},"end":{"line":995,"column":61}},"480":{"start":{"line":996,"column":12},"end":{"line":996,"column":44}},"481":{"start":{"line":1001,"column":8},"end":{"line":1001,"column":74}},"482":{"start":{"line":1002,"column":8},"end":{"line":1002,"column":63}},"483":{"start":{"line":1003,"column":8},"end":{"line":1003,"column":71}},"484":{"start":{"line":1004,"column":8},"end":{"line":1004,"column":73}},"485":{"start":{"line":1005,"column":8},"end":{"line":1040,"column":9}},"486":{"start":{"line":1007,"column":16},"end":{"line":1007,"column":97}},"487":{"start":{"line":1009,"column":16},"end":{"line":1013,"column":17}},"488":{"start":{"line":1010,"column":20},"end":{"line":1010,"column":78}},"489":{"start":{"line":1012,"column":20},"end":{"line":1012,"column":78}},"490":{"start":{"line":1015,"column":16},"end":{"line":1021,"column":17}},"491":{"start":{"line":1016,"column":20},"end":{"line":1016,"column":63}},"492":{"start":{"line":1018,"column":20},"end":{"line":1018,"column":77}},"493":{"start":{"line":1019,"column":20},"end":{"line":1019,"column":77}},"494":{"start":{"line":1020,"column":20},"end":{"line":1020,"column":77}},"495":{"start":{"line":1023,"column":16},"end":{"line":1029,"column":17}},"496":{"start":{"line":1024,"column":20},"end":{"line":1024,"column":63}},"497":{"start":{"line":1026,"column":20},"end":{"line":1026,"column":77}},"498":{"start":{"line":1027,"column":20},"end":{"line":1027,"column":77}},"499":{"start":{"line":1028,"column":20},"end":{"line":1028,"column":69}},"500":{"start":{"line":1031,"column":16},"end":{"line":1031,"column":49}},"501":{"start":{"line":1033,"column":16},"end":{"line":1033,"column":49}},"502":{"start":{"line":1035,"column":16},"end":{"line":1035,"column":95}},"503":{"start":{"line":1037,"column":16},"end":{"line":1037,"column":71}},"504":{"start":{"line":1039,"column":16},"end":{"line":1039,"column":97}},"505":{"start":{"line":1044,"column":8},"end":{"line":1046,"column":10}},"506":{"start":{"line":1051,"column":8},"end":{"line":1051,"column":60}},"507":{"start":{"line":1052,"column":8},"end":{"line":1052,"column":70}},"508":{"start":{"line":1054,"column":8},"end":{"line":1060,"column":9}},"509":{"start":{"line":1055,"column":12},"end":{"line":1055,"column":54}},"510":{"start":{"line":1057,"column":12},"end":{"line":1059,"column":49}},"511":{"start":{"line":1064,"column":8},"end":{"line":1064,"column":74}},"512":{"start":{"line":1065,"column":8},"end":{"line":1065,"column":63}},"513":{"start":{"line":1066,"column":8},"end":{"line":1066,"column":71}},"514":{"start":{"line":1067,"column":8},"end":{"line":1067,"column":73}},"515":{"start":{"line":1068,"column":8},"end":{"line":1096,"column":9}},"516":{"start":{"line":1070,"column":16},"end":{"line":1070,"column":93}},"517":{"start":{"line":1072,"column":16},"end":{"line":1072,"column":96}},"518":{"start":{"line":1074,"column":16},"end":{"line":1074,"column":96}},"519":{"start":{"line":1076,"column":16},"end":{"line":1076,"column":92}},"520":{"start":{"line":1078,"column":16},"end":{"line":1078,"column":95}},"521":{"start":{"line":1080,"column":16},"end":{"line":1080,"column":93}},"522":{"start":{"line":1082,"column":16},"end":{"line":1082,"column":94}},"523":{"start":{"line":1084,"column":16},"end":{"line":1084,"column":94}},"524":{"start":{"line":1086,"column":16},"end":{"line":1086,"column":95}},"525":{"start":{"line":1088,"column":16},"end":{"line":1093,"column":17}},"526":{"start":{"line":1090,"column":20},"end":{"line":1090,"column":58}},"527":{"start":{"line":1092,"column":20},"end":{"line":1092,"column":64}},"528":{"start":{"line":1095,"column":16},"end":{"line":1095,"column":96}},"529":{"start":{"line":1100,"column":8},"end":{"line":1100,"column":40}},"530":{"start":{"line":1103,"column":8},"end":{"line":1105,"column":9}},"531":{"start":{"line":1104,"column":12},"end":{"line":1104,"column":63}},"532":{"start":{"line":1107,"column":8},"end":{"line":1109,"column":11}},"533":{"start":{"line":1108,"column":12},"end":{"line":1108,"column":61}},"534":{"start":{"line":1111,"column":8},"end":{"line":1111,"column":36}},"535":{"start":{"line":1115,"column":8},"end":{"line":1115,"column":40}},"536":{"start":{"line":1118,"column":8},"end":{"line":1118,"column":69}},"537":{"start":{"line":1119,"column":8},"end":{"line":1129,"column":9}},"538":{"start":{"line":1122,"column":16},"end":{"line":1122,"column":58}},"539":{"start":{"line":1124,"column":16},"end":{"line":1128,"column":17}},"540":{"start":{"line":1125,"column":20},"end":{"line":1125,"column":61}},"541":{"start":{"line":1126,"column":23},"end":{"line":1128,"column":17}},"542":{"start":{"line":1127,"column":20},"end":{"line":1127,"column":59}},"543":{"start":{"line":1132,"column":8},"end":{"line":1134,"column":9}},"544":{"start":{"line":1133,"column":12},"end":{"line":1133,"column":28}},"545":{"start":{"line":1137,"column":8},"end":{"line":1139,"column":9}},"546":{"start":{"line":1138,"column":12},"end":{"line":1138,"column":59}},"547":{"start":{"line":1141,"column":8},"end":{"line":1141,"column":67}},"548":{"start":{"line":1142,"column":8},"end":{"line":1142,"column":41}},"549":{"start":{"line":1146,"column":8},"end":{"line":1146,"column":57}},"550":{"start":{"line":1147,"column":8},"end":{"line":1147,"column":69}},"551":{"start":{"line":1148,"column":8},"end":{"line":1148,"column":46}},"552":{"start":{"line":1152,"column":8},"end":{"line":1152,"column":57}},"553":{"start":{"line":1153,"column":8},"end":{"line":1153,"column":69}},"554":{"start":{"line":1154,"column":8},"end":{"line":1154,"column":54}},"555":{"start":{"line":1159,"column":8},"end":{"line":1178,"column":10}},"556":{"start":{"line":1180,"column":8},"end":{"line":1180,"column":70}},"557":{"start":{"line":1182,"column":8},"end":{"line":1186,"column":9}},"558":{"start":{"line":1183,"column":12},"end":{"line":1183,"column":59}},"559":{"start":{"line":1185,"column":12},"end":{"line":1185,"column":100}},"560":{"start":{"line":1191,"column":8},"end":{"line":1191,"column":65}},"561":{"start":{"line":1192,"column":8},"end":{"line":1197,"column":9}},"562":{"start":{"line":1194,"column":16},"end":{"line":1194,"column":71}},"563":{"start":{"line":1196,"column":16},"end":{"line":1196,"column":95}},"564":{"start":{"line":1202,"column":8},"end":{"line":1202,"column":65}},"565":{"start":{"line":1203,"column":8},"end":{"line":1208,"column":9}},"566":{"start":{"line":1205,"column":16},"end":{"line":1205,"column":71}},"567":{"start":{"line":1207,"column":16},"end":{"line":1207,"column":94}},"568":{"start":{"line":1212,"column":8},"end":{"line":1212,"column":66}},"569":{"start":{"line":1213,"column":8},"end":{"line":1213,"column":72}},"570":{"start":{"line":1215,"column":8},"end":{"line":1215,"column":69}},"571":{"start":{"line":1216,"column":8},"end":{"line":1222,"column":9}},"572":{"start":{"line":1217,"column":12},"end":{"line":1217,"column":44}},"573":{"start":{"line":1218,"column":15},"end":{"line":1222,"column":9}},"574":{"start":{"line":1219,"column":12},"end":{"line":1219,"column":66}},"575":{"start":{"line":1221,"column":12},"end":{"line":1221,"column":42}},"576":{"start":{"line":1226,"column":8},"end":{"line":1226,"column":61}},"577":{"start":{"line":1227,"column":8},"end":{"line":1227,"column":53}},"578":{"start":{"line":1228,"column":8},"end":{"line":1233,"column":9}},"579":{"start":{"line":1232,"column":12},"end":{"line":1232,"column":41}},"580":{"start":{"line":1234,"column":8},"end":{"line":1234,"column":27}},"581":{"start":{"line":1238,"column":8},"end":{"line":1245,"column":9}},"582":{"start":{"line":1239,"column":12},"end":{"line":1239,"column":23}},"583":{"start":{"line":1240,"column":15},"end":{"line":1245,"column":9}},"584":{"start":{"line":1241,"column":12},"end":{"line":1241,"column":50}},"585":{"start":{"line":1243,"column":12},"end":{"line":1243,"column":69}},"586":{"start":{"line":1244,"column":12},"end":{"line":1244,"column":108}},"587":{"start":{"line":1249,"column":8},"end":{"line":1249,"column":69}},"588":{"start":{"line":1250,"column":8},"end":{"line":1250,"column":86}},"589":{"start":{"line":1255,"column":8},"end":{"line":1255,"column":24}},"590":{"start":{"line":1257,"column":8},"end":{"line":1262,"column":11}},"591":{"start":{"line":1258,"column":12},"end":{"line":1258,"column":95}},"592":{"start":{"line":1259,"column":12},"end":{"line":1261,"column":13}},"593":{"start":{"line":1260,"column":16},"end":{"line":1260,"column":101}},"594":{"start":{"line":1264,"column":8},"end":{"line":1264,"column":22}},"595":{"start":{"line":1268,"column":8},"end":{"line":1301,"column":9}},"596":{"start":{"line":1270,"column":12},"end":{"line":1270,"column":71}},"597":{"start":{"line":1271,"column":12},"end":{"line":1276,"column":13}},"598":{"start":{"line":1272,"column":16},"end":{"line":1272,"column":73}},"599":{"start":{"line":1273,"column":16},"end":{"line":1273,"column":62}},"600":{"start":{"line":1275,"column":16},"end":{"line":1275,"column":57}},"601":{"start":{"line":1277,"column":15},"end":{"line":1301,"column":9}},"602":{"start":{"line":1279,"column":12},"end":{"line":1279,"column":69}},"603":{"start":{"line":1282,"column":12},"end":{"line":1284,"column":13}},"604":{"start":{"line":1282,"column":48},"end":{"line":1282,"column":111}},"605":{"start":{"line":1283,"column":16},"end":{"line":1283,"column":87}},"606":{"start":{"line":1286,"column":12},"end":{"line":1288,"column":116}},"607":{"start":{"line":1288,"column":25},"end":{"line":1288,"column":103}},"608":{"start":{"line":1291,"column":12},"end":{"line":1295,"column":13}},"609":{"start":{"line":1292,"column":16},"end":{"line":1292,"column":50}},"610":{"start":{"line":1294,"column":16},"end":{"line":1294,"column":64}},"611":{"start":{"line":1297,"column":12},"end":{"line":1300,"column":14}},"612":{"start":{"line":1306,"column":8},"end":{"line":1306,"column":38}},"613":{"start":{"line":1306,"column":26},"end":{"line":1306,"column":36}},"614":{"start":{"line":1308,"column":8},"end":{"line":1308,"column":24}},"615":{"start":{"line":1309,"column":8},"end":{"line":1309,"column":37}},"616":{"start":{"line":1310,"column":8},"end":{"line":1310,"column":64}},"617":{"start":{"line":1311,"column":8},"end":{"line":1311,"column":43}},"618":{"start":{"line":1312,"column":8},"end":{"line":1312,"column":31}},"619":{"start":{"line":1315,"column":8},"end":{"line":1315,"column":40}},"620":{"start":{"line":1317,"column":8},"end":{"line":1317,"column":34}},"621":{"start":{"line":1320,"column":8},"end":{"line":1331,"column":9}},"622":{"start":{"line":1321,"column":12},"end":{"line":1321,"column":84}},"623":{"start":{"line":1324,"column":12},"end":{"line":1330,"column":13}},"624":{"start":{"line":1325,"column":16},"end":{"line":1325,"column":43}},"625":{"start":{"line":1327,"column":16},"end":{"line":1327,"column":45}},"626":{"start":{"line":1329,"column":16},"end":{"line":1329,"column":39}},"627":{"start":{"line":1334,"column":8},"end":{"line":1334,"column":110}},"628":{"start":{"line":1336,"column":8},"end":{"line":1336,"column":26}},"629":{"start":{"line":1339,"column":8},"end":{"line":1341,"column":9}},"630":{"start":{"line":1340,"column":12},"end":{"line":1340,"column":76}},"631":{"start":{"line":1343,"column":8},"end":{"line":1343,"column":44}},"632":{"start":{"line":1344,"column":8},"end":{"line":1344,"column":25}},"633":{"start":{"line":1347,"column":8},"end":{"line":1347,"column":40}},"634":{"start":{"line":1349,"column":8},"end":{"line":1349,"column":42}},"635":{"start":{"line":1351,"column":8},"end":{"line":1351,"column":22}},"636":{"start":{"line":1356,"column":8},"end":{"line":1356,"column":38}},"637":{"start":{"line":1356,"column":26},"end":{"line":1356,"column":36}},"638":{"start":{"line":1358,"column":8},"end":{"line":1358,"column":24}},"639":{"start":{"line":1359,"column":8},"end":{"line":1359,"column":54}},"640":{"start":{"line":1360,"column":8},"end":{"line":1360,"column":64}},"641":{"start":{"line":1361,"column":8},"end":{"line":1361,"column":43}},"642":{"start":{"line":1362,"column":8},"end":{"line":1362,"column":31}},"643":{"start":{"line":1365,"column":8},"end":{"line":1365,"column":46}},"644":{"start":{"line":1367,"column":8},"end":{"line":1367,"column":34}},"645":{"start":{"line":1370,"column":8},"end":{"line":1381,"column":9}},"646":{"start":{"line":1371,"column":12},"end":{"line":1371,"column":84}},"647":{"start":{"line":1374,"column":12},"end":{"line":1380,"column":13}},"648":{"start":{"line":1375,"column":16},"end":{"line":1375,"column":43}},"649":{"start":{"line":1377,"column":16},"end":{"line":1377,"column":45}},"650":{"start":{"line":1379,"column":16},"end":{"line":1379,"column":39}},"651":{"start":{"line":1383,"column":8},"end":{"line":1383,"column":112}},"652":{"start":{"line":1383,"column":73},"end":{"line":1383,"column":110}},"653":{"start":{"line":1386,"column":8},"end":{"line":1386,"column":95}},"654":{"start":{"line":1388,"column":8},"end":{"line":1388,"column":26}},"655":{"start":{"line":1391,"column":8},"end":{"line":1393,"column":9}},"656":{"start":{"line":1392,"column":12},"end":{"line":1392,"column":76}},"657":{"start":{"line":1395,"column":8},"end":{"line":1395,"column":75}},"658":{"start":{"line":1396,"column":8},"end":{"line":1396,"column":44}},"659":{"start":{"line":1397,"column":8},"end":{"line":1397,"column":25}},"660":{"start":{"line":1400,"column":8},"end":{"line":1400,"column":40}},"661":{"start":{"line":1402,"column":8},"end":{"line":1402,"column":22}},"662":{"start":{"line":1407,"column":8},"end":{"line":1409,"column":9}},"663":{"start":{"line":1408,"column":12},"end":{"line":1408,"column":77}},"664":{"start":{"line":1411,"column":8},"end":{"line":1411,"column":60}},"665":{"start":{"line":1414,"column":8},"end":{"line":1414,"column":106}},"666":{"start":{"line":1417,"column":8},"end":{"line":1417,"column":73}},"667":{"start":{"line":1420,"column":8},"end":{"line":1421,"column":50}},"668":{"start":{"line":1421,"column":30},"end":{"line":1421,"column":48}},"669":{"start":{"line":1424,"column":8},"end":{"line":1424,"column":116}},"670":{"start":{"line":1424,"column":33},"end":{"line":1424,"column":115}},"671":{"start":{"line":1424,"column":76},"end":{"line":1424,"column":114}},"672":{"start":{"line":1425,"column":8},"end":{"line":1425,"column":57}},"673":{"start":{"line":1426,"column":8},"end":{"line":1426,"column":74}},"674":{"start":{"line":1426,"column":57},"end":{"line":1426,"column":72}},"675":{"start":{"line":1428,"column":8},"end":{"line":1428,"column":24}},"676":{"start":{"line":1430,"column":8},"end":{"line":1435,"column":9}},"677":{"start":{"line":1431,"column":12},"end":{"line":1431,"column":92}},"678":{"start":{"line":1434,"column":12},"end":{"line":1434,"column":51}},"679":{"start":{"line":1438,"column":8},"end":{"line":1440,"column":9}},"680":{"start":{"line":1439,"column":12},"end":{"line":1439,"column":65}},"681":{"start":{"line":1443,"column":8},"end":{"line":1447,"column":9}},"682":{"start":{"line":1444,"column":12},"end":{"line":1444,"column":84}},"683":{"start":{"line":1445,"column":12},"end":{"line":1445,"column":70}},"684":{"start":{"line":1446,"column":12},"end":{"line":1446,"column":77}},"685":{"start":{"line":1450,"column":8},"end":{"line":1450,"column":80}},"686":{"start":{"line":1451,"column":8},"end":{"line":1458,"column":9}},"687":{"start":{"line":1453,"column":12},"end":{"line":1453,"column":72}},"688":{"start":{"line":1454,"column":15},"end":{"line":1458,"column":9}},"689":{"start":{"line":1456,"column":12},"end":{"line":1457,"column":59}},"690":{"start":{"line":1461,"column":8},"end":{"line":1463,"column":11}},"691":{"start":{"line":1462,"column":12},"end":{"line":1462,"column":83}},"692":{"start":{"line":1466,"column":8},"end":{"line":1468,"column":11}},"693":{"start":{"line":1467,"column":12},"end":{"line":1467,"column":83}},"694":{"start":{"line":1471,"column":8},"end":{"line":1473,"column":11}},"695":{"start":{"line":1472,"column":12},"end":{"line":1472,"column":79}},"696":{"start":{"line":1475,"column":8},"end":{"line":1475,"column":22}},"697":{"start":{"line":1480,"column":8},"end":{"line":1480,"column":62}},"698":{"start":{"line":1482,"column":8},"end":{"line":1482,"column":110}},"699":{"start":{"line":1484,"column":8},"end":{"line":1484,"column":24}},"700":{"start":{"line":1487,"column":8},"end":{"line":1487,"column":60}},"701":{"start":{"line":1488,"column":8},"end":{"line":1495,"column":9}},"702":{"start":{"line":1489,"column":12},"end":{"line":1489,"column":94}},"703":{"start":{"line":1490,"column":12},"end":{"line":1490,"column":45}},"704":{"start":{"line":1492,"column":12},"end":{"line":1492,"column":60}},"705":{"start":{"line":1493,"column":12},"end":{"line":1493,"column":109}},"706":{"start":{"line":1494,"column":12},"end":{"line":1494,"column":45}},"707":{"start":{"line":1496,"column":8},"end":{"line":1496,"column":72}},"708":{"start":{"line":1497,"column":8},"end":{"line":1500,"column":9}},"709":{"start":{"line":1498,"column":12},"end":{"line":1498,"column":60}},"710":{"start":{"line":1499,"column":12},"end":{"line":1499,"column":74}},"711":{"start":{"line":1501,"column":8},"end":{"line":1501,"column":78}},"712":{"start":{"line":1502,"column":8},"end":{"line":1502,"column":88}},"713":{"start":{"line":1504,"column":8},"end":{"line":1512,"column":9}},"714":{"start":{"line":1506,"column":12},"end":{"line":1506,"column":60}},"715":{"start":{"line":1507,"column":12},"end":{"line":1507,"column":72}},"716":{"start":{"line":1509,"column":12},"end":{"line":1509,"column":66}},"717":{"start":{"line":1511,"column":12},"end":{"line":1511,"column":77}},"718":{"start":{"line":1514,"column":8},"end":{"line":1515,"column":72}},"719":{"start":{"line":1517,"column":8},"end":{"line":1517,"column":56}},"720":{"start":{"line":1518,"column":8},"end":{"line":1518,"column":40}},"721":{"start":{"line":1520,"column":8},"end":{"line":1520,"column":22}},"722":{"start":{"line":1524,"column":8},"end":{"line":1524,"column":81}},"723":{"start":{"line":1526,"column":8},"end":{"line":1526,"column":80}},"724":{"start":{"line":1528,"column":8},"end":{"line":1528,"column":26}},"725":{"start":{"line":1529,"column":8},"end":{"line":1529,"column":56}},"726":{"start":{"line":1530,"column":8},"end":{"line":1530,"column":25}},"727":{"start":{"line":1532,"column":8},"end":{"line":1532,"column":40}},"728":{"start":{"line":1534,"column":8},"end":{"line":1534,"column":22}},"729":{"start":{"line":1538,"column":8},"end":{"line":1538,"column":81}},"730":{"start":{"line":1540,"column":8},"end":{"line":1540,"column":46}},"731":{"start":{"line":1541,"column":8},"end":{"line":1543,"column":11}},"732":{"start":{"line":1542,"column":12},"end":{"line":1542,"column":83}},"733":{"start":{"line":1545,"column":8},"end":{"line":1545,"column":99}},"734":{"start":{"line":1547,"column":8},"end":{"line":1547,"column":26}},"735":{"start":{"line":1548,"column":8},"end":{"line":1548,"column":56}},"736":{"start":{"line":1549,"column":8},"end":{"line":1549,"column":25}},"737":{"start":{"line":1551,"column":8},"end":{"line":1551,"column":40}},"738":{"start":{"line":1553,"column":8},"end":{"line":1553,"column":22}},"739":{"start":{"line":1558,"column":8},"end":{"line":1558,"column":39}},"740":{"start":{"line":1560,"column":8},"end":{"line":1560,"column":36}},"741":{"start":{"line":1561,"column":8},"end":{"line":1568,"column":11}},"742":{"start":{"line":1563,"column":12},"end":{"line":1565,"column":13}},"743":{"start":{"line":1564,"column":16},"end":{"line":1564,"column":96}},"744":{"start":{"line":1567,"column":12},"end":{"line":1567,"column":83}},"745":{"start":{"line":1570,"column":8},"end":{"line":1570,"column":98}},"746":{"start":{"line":1573,"column":8},"end":{"line":1575,"column":9}},"747":{"start":{"line":1574,"column":12},"end":{"line":1574,"column":61}},"748":{"start":{"line":1578,"column":8},"end":{"line":1578,"column":26}},"749":{"start":{"line":1579,"column":8},"end":{"line":1579,"column":40}},"750":{"start":{"line":1580,"column":8},"end":{"line":1580,"column":49}},"751":{"start":{"line":1581,"column":8},"end":{"line":1581,"column":30}},"752":{"start":{"line":1582,"column":8},"end":{"line":1582,"column":25}},"753":{"start":{"line":1584,"column":8},"end":{"line":1584,"column":46}},"754":{"start":{"line":1588,"column":8},"end":{"line":1588,"column":36}},"755":{"start":{"line":1590,"column":8},"end":{"line":1592,"column":11}},"756":{"start":{"line":1591,"column":12},"end":{"line":1591,"column":57}},"757":{"start":{"line":1594,"column":8},"end":{"line":1594,"column":44}},"758":{"start":{"line":1598,"column":8},"end":{"line":1598,"column":40}},"759":{"start":{"line":1600,"column":8},"end":{"line":1617,"column":11}},"760":{"start":{"line":1601,"column":12},"end":{"line":1601,"column":26}},"761":{"start":{"line":1602,"column":12},"end":{"line":1608,"column":13}},"762":{"start":{"line":1603,"column":16},"end":{"line":1603,"column":62}},"763":{"start":{"line":1604,"column":19},"end":{"line":1608,"column":13}},"764":{"start":{"line":1605,"column":16},"end":{"line":1605,"column":62}},"765":{"start":{"line":1607,"column":16},"end":{"line":1607,"column":69}},"766":{"start":{"line":1610,"column":12},"end":{"line":1616,"column":13}},"767":{"start":{"line":1611,"column":16},"end":{"line":1611,"column":81}},"768":{"start":{"line":1612,"column":16},"end":{"line":1612,"column":59}},"769":{"start":{"line":1614,"column":16},"end":{"line":1614,"column":83}},"770":{"start":{"line":1615,"column":16},"end":{"line":1615,"column":114}},"771":{"start":{"line":1619,"column":8},"end":{"line":1619,"column":48}},"772":{"start":{"line":1624,"column":8},"end":{"line":1624,"column":40}},"773":{"start":{"line":1625,"column":8},"end":{"line":1627,"column":11}},"774":{"start":{"line":1626,"column":12},"end":{"line":1626,"column":83}},"775":{"start":{"line":1629,"column":8},"end":{"line":1629,"column":112}},"776":{"start":{"line":1629,"column":73},"end":{"line":1629,"column":110}},"777":{"start":{"line":1631,"column":8},"end":{"line":1642,"column":9}},"778":{"start":{"line":1632,"column":12},"end":{"line":1632,"column":63}},"779":{"start":{"line":1633,"column":12},"end":{"line":1633,"column":30}},"780":{"start":{"line":1634,"column":12},"end":{"line":1634,"column":79}},"781":{"start":{"line":1635,"column":12},"end":{"line":1635,"column":65}},"782":{"start":{"line":1636,"column":12},"end":{"line":1636,"column":29}},"783":{"start":{"line":1637,"column":12},"end":{"line":1637,"column":50}},"784":{"start":{"line":1640,"column":12},"end":{"line":1640,"column":79}},"785":{"start":{"line":1641,"column":12},"end":{"line":1641,"column":72}},"786":{"start":{"line":1646,"column":8},"end":{"line":1646,"column":24}},"787":{"start":{"line":1648,"column":8},"end":{"line":1652,"column":11}},"788":{"start":{"line":1648,"column":37},"end":{"line":1648,"column":74}},"789":{"start":{"line":1649,"column":12},"end":{"line":1649,"column":90}},"790":{"start":{"line":1650,"column":12},"end":{"line":1650,"column":81}},"791":{"start":{"line":1651,"column":12},"end":{"line":1651,"column":97}},"792":{"start":{"line":1654,"column":8},"end":{"line":1654,"column":22}},"793":{"start":{"line":53,"column":18},"end":{"line":53,"column":76}},"794":{"start":{"line":51,"column":0},"end":{"line":1656,"column":1}}},"fnMap":{"1":{"name":"(anonymous_1)","line":14,"loc":{"start":{"line":14,"column":4},"end":{"line":14,"column":46}}},"2":{"name":"(anonymous_2)","line":20,"loc":{"start":{"line":20,"column":0},"end":{"line":20,"column":21}}},"3":{"name":"(anonymous_3)","line":27,"loc":{"start":{"line":27,"column":0},"end":{"line":27,"column":25}}},"4":{"name":"(anonymous_4)","line":70,"loc":{"start":{"line":70,"column":4},"end":{"line":70,"column":92}}},"5":{"name":"(anonymous_5)","line":86,"loc":{"start":{"line":86,"column":21},"end":{"line":null,"column":-1}}},"6":{"name":"(anonymous_6)","line":90,"loc":{"start":{"line":90,"column":20},"end":{"line":null,"column":-1}}},"7":{"name":"(anonymous_7)","line":94,"loc":{"start":{"line":94,"column":25},"end":{"line":94,"column":38}}},"8":{"name":"(anonymous_8)","line":98,"loc":{"start":{"line":98,"column":23},"end":{"line":98,"column":38}}},"9":{"name":"(anonymous_9)","line":103,"loc":{"start":{"line":103,"column":21},"end":{"line":103,"column":79}}},"10":{"name":"(anonymous_10)","line":107,"loc":{"start":{"line":107,"column":21},"end":{"line":107,"column":66}}},"11":{"name":"(anonymous_11)","line":129,"loc":{"start":{"line":129,"column":22},"end":{"line":null,"column":-1}}},"12":{"name":"(anonymous_12)","line":136,"loc":{"start":{"line":136,"column":30},"end":{"line":136,"column":53}}},"13":{"name":"(anonymous_13)","line":141,"loc":{"start":{"line":141,"column":32},"end":{"line":141,"column":53}}},"14":{"name":"(anonymous_14)","line":148,"loc":{"start":{"line":148,"column":24},"end":{"line":148,"column":45}}},"15":{"name":"(anonymous_15)","line":162,"loc":{"start":{"line":162,"column":31},"end":{"line":162,"column":48}}},"16":{"name":"(anonymous_16)","line":167,"loc":{"start":{"line":167,"column":30},"end":{"line":null,"column":-1}}},"17":{"name":"(anonymous_17)","line":195,"loc":{"start":{"line":195,"column":25},"end":{"line":195,"column":41}}},"18":{"name":"(anonymous_18)","line":204,"loc":{"start":{"line":204,"column":24},"end":{"line":204,"column":38}}},"19":{"name":"(anonymous_19)","line":263,"loc":{"start":{"line":263,"column":34},"end":{"line":263,"column":75}}},"20":{"name":"(anonymous_20)","line":268,"loc":{"start":{"line":268,"column":26},"end":{"line":268,"column":53}}},"21":{"name":"(anonymous_21)","line":306,"loc":{"start":{"line":306,"column":29},"end":{"line":306,"column":56}}},"22":{"name":"(anonymous_22)","line":335,"loc":{"start":{"line":335,"column":24},"end":{"line":335,"column":49}}},"23":{"name":"(anonymous_23)","line":380,"loc":{"start":{"line":380,"column":25},"end":{"line":null,"column":-1}}},"24":{"name":"(anonymous_24)","line":388,"loc":{"start":{"line":388,"column":28},"end":{"line":388,"column":55}}},"25":{"name":"(anonymous_25)","line":396,"loc":{"start":{"line":396,"column":22},"end":{"line":396,"column":43}}},"26":{"name":"(anonymous_26)","line":414,"loc":{"start":{"line":414,"column":28},"end":{"line":419,"column":31}}},"27":{"name":"(anonymous_27)","line":431,"loc":{"start":{"line":431,"column":25},"end":{"line":431,"column":49}}},"28":{"name":"(anonymous_28)","line":441,"loc":{"start":{"line":441,"column":31},"end":{"line":441,"column":52}}},"29":{"name":"(anonymous_29)","line":454,"loc":{"start":{"line":454,"column":23},"end":{"line":454,"column":45}}},"30":{"name":"(anonymous_30)","line":473,"loc":{"start":{"line":473,"column":25},"end":{"line":473,"column":49}}},"31":{"name":"(anonymous_31)","line":503,"loc":{"start":{"line":503,"column":25},"end":{"line":503,"column":49}}},"32":{"name":"(anonymous_32)","line":526,"loc":{"start":{"line":526,"column":29},"end":{"line":526,"column":48}}},"33":{"name":"(anonymous_33)","line":534,"loc":{"start":{"line":534,"column":26},"end":{"line":534,"column":51}}},"34":{"name":"(anonymous_34)","line":604,"loc":{"start":{"line":604,"column":23},"end":{"line":604,"column":45}}},"35":{"name":"(anonymous_35)","line":626,"loc":{"start":{"line":626,"column":25},"end":{"line":626,"column":49}}},"36":{"name":"(anonymous_36)","line":637,"loc":{"start":{"line":637,"column":26},"end":{"line":637,"column":51}}},"37":{"name":"
[...]
n":43},"end":{"line":116,"column":66}},"41":{"start":{"line":117,"column":36},"end":{"line":117,"column":55}},"42":{"start":{"line":118,"column":39},"end":{"line":118,"column":57}},"43":{"start":{"line":119,"column":12},"end":{"line":119,"column":54}},"44":{"start":{"line":121,"column":8},"end":{"line":121,"column":21}},"45":{"start":{"line":126,"column":8},"end":{"line":126,"column":27}},"46":{"start":{"line":127,"column":8},"end":{"line":133,"column":9}},"47":{"start":{"line":128,"column":12},"end":{"line":132,"column":13}},"48":{"start":{"line":129,"column":16},"end":{"line":129,"column":38}},"49":{"start":{"line":131,"column":16},"end":{"line":131,"column":41}},"50":{"start":{"line":134,"column":8},"end":{"line":134,"column":20}},"51":{"start":{"line":138,"column":8},"end":{"line":146,"column":9}},"52":{"start":{"line":139,"column":12},"end":{"line":139,"column":47}},"53":{"start":{"line":140,"column":12},"end":{"line":140,"column":68}},"54":{"start":{"line":142,"column":12},"end":{"line":145,"column":13}},"55":{"start":{"line":143,"column":16},"end":{"line":143,"column":60}},"56":{"start":{"line":144,"column":16},"end":{"line":144,"column":81}},"57":{"start":{"line":147,"column":8},"end":{"line":147,"column":21}},"58":{"start":{"line":151,"column":8},"end":{"line":159,"column":9}},"59":{"start":{"line":152,"column":12},"end":{"line":152,"column":47}},"60":{"start":{"line":153,"column":12},"end":{"line":153,"column":68}},"61":{"start":{"line":155,"column":12},"end":{"line":158,"column":13}},"62":{"start":{"line":156,"column":16},"end":{"line":156,"column":60}},"63":{"start":{"line":157,"column":16},"end":{"line":157,"column":81}},"64":{"start":{"line":160,"column":8},"end":{"line":160,"column":21}},"65":{"start":{"line":164,"column":8},"end":{"line":189,"column":9}},"66":{"start":{"line":166,"column":16},"end":{"line":166,"column":54}},"67":{"start":{"line":168,"column":16},"end":{"line":168,"column":55}},"68":{"start":{"line":170,"column":16},"end":{"line":170,"column":56}},"69":{"start":{"line":172,"column":16},"end":{"line":172,"column":56}},"70":{"start":{"line":174,"column":16},"end":{"line":174,"column":56}},"71":{"start":{"line":176,"column":16},"end":{"line":176,"column":58}},"72":{"start":{"line":178,"column":16},"end":{"line":178,"column":59}},"73":{"start":{"line":180,"column":16},"end":{"line":180,"column":60}},"74":{"start":{"line":182,"column":16},"end":{"line":182,"column":67}},"75":{"start":{"line":184,"column":16},"end":{"line":184,"column":67}},"76":{"start":{"line":186,"column":16},"end":{"line":186,"column":73}},"77":{"start":{"line":188,"column":16},"end":{"line":188,"column":84}},"78":{"start":{"line":191,"column":8},"end":{"line":191,"column":29}},"79":{"start":{"line":3,"column":0},"end":{"line":193,"column":1}}},"fnMap":{"1":{"name":"(anonymous_1)","line":6,"loc":{"start":{"line":6,"column":26},"end":{"line":6,"column":43}}},"2":{"name":"(anonymous_2)","line":16,"loc":{"start":{"line":16,"column":27},"end":{"line":16,"column":42}}},"3":{"name":"(anonymous_3)","line":26,"loc":{"start":{"line":26,"column":35},"end":{"line":26,"column":95}}},"4":{"name":"(anonymous_4)","line":30,"loc":{"start":{"line":30,"column":33},"end":{"line":30,"column":84}}},"5":{"name":"(anonymous_5)","line":44,"loc":{"start":{"line":44,"column":30},"end":{"line":44,"column":56}}},"6":{"name":"(anonymous_6)","line":56,"loc":{"start":{"line":56,"column":43},"end":{"line":56,"column":57}}},"7":{"name":"(anonymous_7)","line":60,"loc":{"start":{"line":60,"column":30},"end":{"line":60,"column":44}}},"8":{"name":"(anonymous_8)","line":66,"loc":{"start":{"line":66,"column":29},"end":{"line":66,"column":68}}},"9":{"name":"(anonymous_9)","line":71,"loc":{"start":{"line":71,"column":42},"end":{"line":71,"column":81}}},"10":{"name":"(anonymous_10)","line":78,"loc":{"start":{"line":78,"column":37},"end":{"line":78,"column":76}}},"11":{"name":"(anonymous_11)","line":84,"loc":{"start":{"line":84,"column":34},"end":{"line":84,"column":73}}},"12":{"name":"(anonymous_12)","line":90,"loc":{"start":{"line":90,"column":27},"end":{"line":90,"column":66}}},"13":{"name":"(anonymous_13)","line":96,"loc":{"start":{"line":96,"column":35},"end":{"line":96,"column":74}}},"14":{"name":"(anonymous_14)","line":105,"loc":{"start":{"line":105,"column":39},"end":{"line":105,"column":78}}},"15":{"name":"(anonymous_15)","line":112,"loc":{"start":{"line":112,"column":36},"end":{"line":112,"column":94}}},"16":{"name":"(anonymous_16)","line":125,"loc":{"start":{"line":125,"column":36},"end":{"line":125,"column":103}}},"17":{"name":"(anonymous_17)","line":137,"loc":{"start":{"line":137,"column":32},"end":{"line":137,"column":71}}},"18":{"name":"(anonymous_18)","line":150,"loc":{"start":{"line":150,"column":32},"end":{"line":150,"column":71}}},"19":{"name":"(anonymous_19)","line":163,"loc":{"start":{"line":163,"column":41},"end":{"line":163,"column":62}}}},"branchMap":{"1":{"line":8,"type":"if","locations":[{"start":{"line":8,"column":12},"end":{"line":8,"column":11}},{"start":{"line":8,"column":12},"end":{"line":8,"column":11}}]},"2":{"line":19,"type":"if","locations":[{"start":{"line":19,"column":12},"end":{"line":19,"column":11}},{"start":{"line":19,"column":12},"end":{"line":19,"column":11}}]},"3":{"line":19,"type":"binary-expr","locations":[{"start":{"line":19,"column":16},"end":{"line":19,"column":45}},{"start":{"line":19,"column":49},"end":{"line":19,"column":71}}]},"4":{"line":31,"type":"if","locations":[{"start":{"line":31,"column":8},"end":{"line":31,"column":7}},{"start":{"line":31,"column":8},"end":{"line":31,"column":7}}]},"5":{"line":33,"type":"if","locations":[{"start":{"line":33,"column":16},"end":{"line":33,"column":15}},{"start":{"line":33,"column":16},"end":{"line":33,"column":15}}]},"6":{"line":35,"type":"if","locations":[{"start":{"line":35,"column":20},"end":{"line":35,"column":19}},{"start":{"line":35,"column":20},"end":{"line":35,"column":19}}]},"7":{"line":45,"type":"if","locations":[{"start":{"line":45,"column":8},"end":{"line":45,"column":7}},{"start":{"line":45,"column":8},"end":{"line":45,"column":7}}]},"8":{"line":49,"type":"binary-expr","locations":[{"start":{"line":49,"column":16},"end":{"line":49,"column":88}},{"start":{"line":50,"column":19},"end":{"line":50,"column":68}},{"start":{"line":51,"column":19},"end":{"line":51,"column":69}}]},"9":{"line":57,"type":"binary-expr","locations":[{"start":{"line":57,"column":15},"end":{"line":57,"column":26}},{"start":{"line":57,"column":30},"end":{"line":57,"column":67}},{"start":{"line":57,"column":71},"end":{"line":57,"column":113}}]},"10":{"line":61,"type":"binary-expr","locations":[{"start":{"line":61,"column":15},"end":{"line":61,"column":55}},{"start":{"line":62,"column":15},"end":{"line":62,"column":59}},{"start":{"line":63,"column":15},"end":{"line":63,"column":62}}]},"11":{"line":68,"type":"binary-expr","locations":[{"start":{"line":68,"column":15},"end":{"line":68,"column":23}},{"start":{"line":68,"column":28},"end":{"line":68,"column":69}},{"start":{"line":68,"column":73},"end":{"line":68,"column":114}}]},"12":{"line":72,"type":"binary-expr","locations":[{"start":{"line":72,"column":15},"end":{"line":72,"column":26}},{"start":{"line":73,"column":16},"end":{"line":73,"column":63}},{"start":{"line":74,"column":15},"end":{"line":74,"column":76}},{"start":{"line":75,"column":15},"end":{"line":75,"column":76}}]},"13":{"line":79,"type":"binary-expr","locations":[{"start":{"line":79,"column":15},"end":{"line":79,"column":26}},{"start":{"line":80,"column":16},"end":{"line":80,"column":64}},{"start":{"line":81,"column":15},"end":{"line":81,"column":70}}]},"14":{"line":85,"type":"binary-expr","locations":[{"start":{"line":85,"column":15},"end":{"line":85,"column":26}},{"start":{"line":86,"column":16},"end":{"line":86,"column":64}},{"start":{"line":87,"column":15},"end":{"line":87,"column":67}}]},"15":{"line":91,"type":"binary-expr","locations":[{"start":{"line":91,"column":15},"end":{"line":91,"column":26}},{"start":{"line":92,"column":16},"end":{"line":92,"column":68}},{"start":{"line":93,"column":15},"end":{"line":93,"column":65}}]},"16":{"line":97,"type":"if","locations":[{"start":{"line":97,"column":8},"end":{"line":97,"column":7}},{"start":{"line":97,"column":8},"end":{"line":97,"column":7}}]},"17":{"line":106,"type":"binary-expr","locations":[{"start":{"line":106,"column":15},"end":{"line":106,"column":26}},{"start":{"line":107,"column":16},"end":{"line":107,"column":67}},{"start":{"line":108,"column":19},"end":{"line":108,"column":68}},{"start":{"line":109,"column":15},"end":{"line":109,"column":69}}]},"18":{"line":113,"type":"if","locations":[{"start":{"line":113,"column":8},"end":{"line":113,"column":7}},{"start":{"line":113,"column":8},"end":{"line":113,"column":7}}]},"19":{"line":128,"type":"if","locations":[{"start":{"line":128,"column":12},"end":{"line":128,"column":11}},{"start":{"line":128,"column":12},"end":{"line":128,"column":11}}]},"20":{"line":138,"type":"if","locations":[{"start":{"line":138,"column":8},"end":{"line":138,"column":7}},{"start":{"line":138,"column":8},"end":{"line":138,"column":7}}]},"21":{"line":142,"type":"if","locations":[{"start":{"line":142,"column":12},"end":{"line":142,"column":11}},{"start":{"line":142,"column":12},"end":{"line":142,"column":11}}]},"22":{"line":142,"type":"binary-expr","locations":[{"start":{"line":142,"column":16},"end":{"line":142,"column":20}},{"start":{"line":142,"column":24},"end":{"line":142,"column":35}},{"start":{"line":142,"column":39},"end":{"line":142,"column":58}}]},"23":{"line":144,"type":"binary-expr","locations":[{"start":{"line":144,"column":23},"end":{"line":144,"column":28}},{"start":{"line":144,"column":32},"end":{"line":144,"column":80}}]},"24":{"line":151,"type":"if","locations":[{"start":{"line":151,"column":8},"end":{"line":151,"column":7}},{"start":{"line":151,"column":8},"end":{"line":151,"column":7}}]},"25":{"line":155,"type":"if","locations":[{"start":{"line":155,"column":12},"end":{"line":155,"column":11}},{"start":{"line":155,"column":12},"end":{"line":155,"column":11}}]},"26":{"line":155,"type":"binary-expr","locations":[{"start":{"line":155,"column":16},"end":{"line":155,"column":20}},{"start":{"line":155,"column":24},"end":{"line":155,"column":35}},{"start":{"line":155,"column":39},"end":{"line":155,"column":58}}]},"27":{"line":157,"type":"binary-expr","locations":[{"start":{"line":157,"column":23},"end":{"line":157,"column":28}},{"start":{"line":157,"column":32},"end":{"line":157,"column":80}}]},"28":{"line":165,"type":"switch","locations":[{"start":{"line":165,"column":12},"end":{"line":166,"column":54}},{"start":{"line":167,"column":12},"end":{"line":168,"column":55}},{"start":{"line":169,"column":12},"end":{"line":170,"column":56}},{"start":{"line":171,"column":12},"end":{"line":172,"column":56}},{"start":{"line":173,"column":12},"end":{"line":174,"column":56}},{"start":{"line":175,"column":12},"end":{"line":176,"column":58}},{"start":{"line":177,"column":12},"end":{"line":178,"column":59}},{"start":{"line":179,"column":12},"end":{"line":180,"column":60}},{"start":{"line":181,"column":12},"end":{"line":182,"column":67}},{"start":{"line":183,"column":12},"end":{"line":184,"column":67}},{"start":{"line":185,"column":12},"end":{"line":186,"column":73}},{"start":{"line":187,"column":12},"end":{"line":188,"column":84}}]}},"s":{"1":1,"2":0,"3":0,"4":0,"5":0,"6":0,"7":0,"8":0,"9":0,"10":0,"11":0,"12":0,"13":0,"14":0,"15":0,"16":0,"17":0,"18":0,"19":0,"20":14,"21":14,"22":16,"23":0,"24":0,"25":0,"26":0,"27":0,"28":0,"29":0,"30":0,"31":0,"32":0,"33":0,"34":0,"35":0,"36":1,"37":1,"38":1,"39":1,"40":0,"41":0,"42":0,"43":1,"44":0,"45":1,"46":1,"47":2,"48":1,"49":1,"50":0,"51":0,"52":0,"53":0,"54":0,"55":0,"56":0,"57":0,"58":1,"59":0,"60":0,"61":0,"62":0,"63":0,"64":1,"65":1,"66":0,"67":0,"68":0,"69":0,"70":0,"71":0,"72":0,"73":0,"74":0,"75":0,"76":0,"77":0,"78":1,"79":1},"b":{"1":[0,0],"2":[0,0],"3":[0,0],"4":[0,0],"5":[0,0],"6":[0,0],"7":[14,0],"8":[16,15,15],"9":[0,0,0],"10":[0,0,0],"11":[0,0,0],"12":[0,0,0,0],"13":[0,0,0],"14":[0,0,0],"15":[0,0,0],"16":[0,0],"17":[1,1,0,1],"18":[1,0],"19":[1,1],"20":[0,0],"21":[0,0],"22":[0,0,0],"23":[0,0],"24":[0,1],"25":[0,0],"26":[0,0,0],"27":[0,0],"28":[0,0,0,0,0,0,0,0,0,0,0,0]},"f":{"1":0,"2":0,"3":0,"4":0,"5":14,"6":0,"7":0,"8":0,"9":0,"10":0,"11":0,"12":0,"13":0,"14":1,"15":1,"16":1,"17":0,"18":1,"19":1},"l":{"1":1,"3":1,"7":0,"8":0,"9":0,"12":0,"17":0,"18":0,"19":0,"20":0,"23":0,"27":0,"31":0,"32":0,"33":0,"34":0,"35":0,"36":0,"41":0,"45":14,"48":14,"49":16,"53":0,"57":0,"61":0,"67":0,"68":0,"72":0,"79":0,"85":0,"91":0,"97":0,"98":0,"99":0,"101":0,"106":1,"113":1,"114":1,"115":1,"116":0,"117":0,"118":0,"119":1,"121":0,"126":1,"127":1,"128":2,"129":1,"131":1,"134":0,"138":0,"139":0,"140":0,"142":0,"143":0,"144":0,"147":0,"151":1,"152":0,"153":0,"155":0,"156":0,"157":0,"160":1,"164":1,"166":0,"168":0,"170":0,"172":0,"174":0,"176":0,"178":0,"180":0,"182":0,"184":0,"186":0,"188":0,"191":1}},"src/targets/Transpiler.52.ts":{"path":"src/targets/Transpiler.52.ts","statementMap":{"1":{"start":{"line":2,"column":0},"end":{"line":2,"column":50}},"2":{"start":{"line":4,"column":0},"end":{"line":4,"column":33}},"3":{"start":{"line":15,"column":8},"end":{"line":15,"column":48}},"4":{"start":{"line":16,"column":8},"end":{"line":16,"column":29}},"5":{"start":{"line":17,"column":8},"end":{"line":17,"column":42}},"6":{"start":{"line":18,"column":8},"end":{"line":18,"column":26}},"7":{"start":{"line":19,"column":8},"end":{"line":19,"column":58}},"8":{"start":{"line":20,"column":8},"end":{"line":20,"column":25}},"9":{"start":{"line":21,"column":8},"end":{"line":21,"column":40}},"10":{"start":{"line":22,"column":8},"end":{"line":22,"column":74}},"11":{"start":{"line":23,"column":8},"end":{"line":23,"column":22}},"12":{"start":{"line":28,"column":8},"end":{"line":28,"column":93}},"13":{"start":{"line":33,"column":8},"end":{"line":36,"column":9}},"14":{"start":{"line":35,"column":16},"end":{"line":35,"column":48}},"15":{"start":{"line":41,"column":8},"end":{"line":54,"column":9}},"16":{"start":{"line":43,"column":16},"end":{"line":43,"column":51}},"17":{"start":{"line":45,"column":16},"end":{"line":45,"column":50}},"18":{"start":{"line":47,"column":16},"end":{"line":47,"column":51}},"19":{"start":{"line":49,"column":16},"end":{"line":49,"column":53}},"20":{"start":{"line":51,"column":16},"end":{"line":51,"column":53}},"21":{"start":{"line":53,"column":16},"end":{"line":53,"column":54}},"22":{"start":{"line":6,"column":0},"end":{"line":56,"column":1}}},"fnMap":{"1":{"name":"(anonymous_1)","line":8,"loc":{"start":{"line":8,"column":28},"end":{"line":13,"column":31}}},"2":{"name":"(anonymous_2)","line":27,"loc":{"start":{"line":27,"column":28},"end":{"line":27,"column":55}}},"3":{"name":"(anonymous_3)","line":32,"loc":{"start":{"line":32,"column":37},"end":{"line":32,"column":85}}},"4":{"name":"(anonymous_4)","line":40,"loc":{"start":{"line":40,"column":32},"end":{"line":40,"column":84}}}},"branchMap":{"1":{"line":34,"type":"switch","locations":[{"start":{"line":34,"column":12},"end":{"line":35,"column":48}}]},"2":{"line":42,"type":"switch","locations":[{"start":{"line":42,"column":12},"end":{"line":43,"column":51}},{"start":{"line":44,"column":12},"end":{"line":45,"column":50}},{"start":{"line":46,"column":12},"end":{"line":47,"column":51}},{"start":{"line":48,"column":12},"end":{"line":49,"column":53}},{"start":{"line":50,"column":12},"end":{"line":51,"column":53}},{"start":{"line":52,"column":12},"end":{"line":53,"column":54}}]}},"s":{"1":1,"2":1,"3":0,"4":0,"5":0,"6":0,"7":0,"8":0,"9":0,"10":0,"11":0,"12":0,"13":0,"14":0,"15":0,"16":0,"17":0,"18":0,"19":0,"20":0,"21":0,"22":1},"b":{"1":[0],"2":[0,0,0,0,0,0]},"f":{"1":0,"2":0,"3":0,"4":0},"l":{"2":1,"4":1,"6":1,"15":0,"16":0,"17":0,"18":0,"19":0,"20":0,"21":0,"22":0,"23":0,"28":0,"33":0,"35":0,"41":0,"43":0,"45":0,"47":0,"49":0,"51":0,"53":0}},"src/targets/Transpiler.53.ts":{"path":"src/targets/Transpiler.53.ts","statementMap":{"1":{"start":{"line":1,"column":0},"end":{"line":1,"column":47}},"2":{"start":{"line":3,"column":0},"end":{"line":3,"column":50}},"3":{"start":{"line":5,"column":0},"end":{"line":5,"column":33}},"4":{"start":{"line":10,"column":8},"end":{"line":13,"column":9}},"5":{"start":{"line":12,"column":16},"end":{"line":12,"column":37}},"6":{"start":{"line":18,"column":8},"end":{"line":31,"column":9}},"7":{"start":{"line":20,"column":16},"end":{"line":20,"column":41}},"8":{"start":{"line":22,"column":16},"end":{"line":22,"column":41}},"9":{"start":{"line":24,"column":16},"end":{"line":24,"column":41}},"10":{"start":{"line":26,"column":16},"end":{"line":26,"column":42}},"11":{"start":{"line":28,"column":16},"end":{"line":28,"column":42}},"12":{"start":{"line":30,"column":16},"end":{"line":30,"column":96}},"13":{"start":{"line":36,"column":8},"end":{"line":39,"column":10}},"14":{"start":{"line":7,"column":0},"end":{"line":41,"column":1}}},"fnMap":{"1":{"name":"(anonymous_1)","line":9,"loc":{"start":{"line":9,"column":37},"end":{"line":9,"column":85}}},"2":{"name":"(anonymous_2)","line":17,"loc":{"start":{"line":17,"column":32},"end":{"line":17,"column":84}}},"3":{"name":"(anonymous_3)","line":35,"loc":{"start":{"line":35,"column":35},"end":{"line":null,"column":-1}}}},"branchMap":{"1":{"line":11,"type":"switch","locations":[{"start":{"line":11,"column":12},"end":{"line":12,"column":37}}]},"2":{"line":19,"type":"switch","locations":[{"start":{"line":19,"column":12},"end":{"line":20,"column":41}},{"start":{"line":21,"column":12},"end":{"line":22,"column":41}},{"start":{"line":23,"column":12},"end":{"line":24,"column":41}},{"start":{"line":25,"column":12},"end":{"line":26,"column":42}},{"start":{"line":27,"column":12},"end":{"line":28,"column":42}},{"start":{"line":29,"column":12},"end":{"line":30,"column":96}}]}},"s":{"1":1,"2":1,"3":1,"4":0,"5":0,"6":0,"7":0,"8":0,"9":0,"10":0,"11":0,"12":0,"13":0,"14":1},"b":{"1":[0],"2":[0,0,0,0,0,0]},"f":{"1":0,"2":0,"3":0},"l":{"1":1,"3":1,"5":1,"7":1,"10":0,"12":0,"18":0,"20":0,"22":0,"24":0,"26":0,"28":0,"30":0,"36":0}},"src/targets/Transpiler.JIT.ts":{"path":"src/targets/Transpiler.JIT.ts","statementMap":{"1":{"start":{"line":2,"column":0},"end":{"line":2,"column":50}},"2":{"start":{"line":4,"column":0},"end":{"line":4,"column":33}},"3":{"start":{"line":9,"column":8},"end":{"line":12,"column":9}},"4":{"start":{"line":11,"column":16},"end":{"line":11,"column":46}},"5":{"start":{"line":17,"column":8},"end":{"line":30,"column":9}},"6":{"start":{"line":19,"column":16},"end":{"line":19,"column":49}},"7":{"start":{"line":21,"column":16},"end":{"line":21,"column":48}},"8":{"start":{"line":23,"column":16},"end":{"line":23,"column":49}},"9":{"start":{"line":25,"column":16},"end":{"line":25,"column":51}},"10":{"start":{"line":27,"column":16},"end":{"line":27,"column":51}},"11":{"start":{"line":29,"column":16},"end":{"line":29,"column":52}},"12":{"start":{"line":6,"column":0},"end":{"line":32,"column":1}}},"fnMap":{"1":{"name":"(anonymous_1)","line":8,"loc":{"start":{"line":8,"column":37},"end":{"line":8,"column":85}}},"2":{"name":"(anonymous_2)","line":16,"loc":{"start":{"line":16,"column":32},"end":{"line":16,"column":84}}}},"branchMap":{"1":{"line":10,"type":"switch","locations":[{"start":{"line":10,"column":12},"end":{"line":11,"column":46}}]},"2":{"line":18,"type":"switch","locations":[{"start":{"line":18,"column":12},"end":{"line":19,"column":49}},{"start":{"line":20,"column":12},"end":{"line":21,"column":48}},{"start":{"line":22,"column":12},"end":{"line":23,"column":49}},{"start":{"line":24,"column":12},"end":{"line":25,"column":51}},{"start":{"line":26,"column":12},"end":{"line":27,"column":51}},{"start":{"line":28,"column":12},"end":{"line":29,"column":52}}]}},"s":{"1":1,"2":1,"3":0,"4":0,"5":0,"6":0,"7":0,"8":0,"9":0,"10":0,"11":0,"12":1},"b":{"1":[0],"2":[0,0,0,0,0,0]},"f":{"1":0,"2":0},"l":{"2":1,"4":1,"6":1,"9":0,"11":0,"17":0,"19":0,"21":0,"23":0,"25":0,"27":0,"29":0}}}